TN:
SF:/var/www/coreUI/coreuiNew/js/src/alert.js
FN:58,(anonymous_0)
FN:68,(anonymous_1)
FN:74,(anonymous_2)
FN:89,(anonymous_3)
FN:96,(anonymous_4)
FN:106,(anonymous_5)
FN:110,(anonymous_6)
FN:121,(anonymous_7)
FN:125,(anonymous_8)
FN:135,(anonymous_9)
FN:136,(anonymous_10)
FN:149,(anonymous_11)
FN:150,(anonymous_12)
FN:159,(anonymous_13)
FNF:14
FNH:14
FNDA:8,(anonymous_0)
FNDA:1,(anonymous_1)
FNDA:6,(anonymous_2)
FNDA:1,(anonymous_3)
FNDA:3,(anonymous_4)
FNDA:6,(anonymous_5)
FNDA:5,(anonymous_6)
FNDA:1,(anonymous_7)
FNDA:5,(anonymous_8)
FNDA:3,(anonymous_9)
FNDA:3,(anonymous_10)
FNDA:1,(anonymous_11)
FNDA:2,(anonymous_12)
FNDA:4,(anonymous_13)
DA:29,1
DA:30,1
DA:31,1
DA:32,1
DA:33,1
DA:35,1
DA:39,1
DA:45,1
DA:59,8
DA:61,8
DA:62,7
DA:69,1
DA:75,6
DA:76,6
DA:77,3
DA:80,6
DA:82,6
DA:83,1
DA:86,5
DA:90,1
DA:91,1
DA:97,3
DA:99,3
DA:100,2
DA:103,3
DA:107,6
DA:111,5
DA:113,5
DA:114,4
DA:115,4
DA:118,1
DA:120,1
DA:121,1
DA:122,1
DA:126,5
DA:127,5
DA:130,5
DA:136,3
DA:137,3
DA:139,3
DA:140,2
DA:143,3
DA:144,2
DA:150,1
DA:151,2
DA:152,2
DA:155,2
DA:160,4
DA:169,1
DA:172,1
DA:182,1
LF:51
LH:51
BRDA:61,0,0,7
BRDA:61,0,1,1
BRDA:76,1,0,3
BRDA:76,1,1,3
BRDA:82,2,0,1
BRDA:82,2,1,5
BRDA:82,3,0,6
BRDA:82,3,1,6
BRDA:99,4,0,2
BRDA:99,4,1,1
BRDA:113,5,0,4
BRDA:113,5,1,1
BRDA:126,6,0,5
BRDA:126,6,1,0
BRDA:139,7,0,2
BRDA:139,7,1,1
BRDA:143,8,0,2
BRDA:143,8,1,1
BRDA:151,9,0,2
BRDA:151,9,1,0
BRDA:182,10,0,1
BRF:21
BRH:19
end_of_record
TN:
SF:/var/www/coreUI/coreuiNew/js/src/async-load.js
FN:52,(anonymous_0)
FN:69,(anonymous_1)
FN:73,(anonymous_2)
FN:79,(anonymous_3)
FN:87,(anonymous_4)
FN:91,(anonymous_5)
FN:97,(anonymous_6)
FN:109,(anonymous_7)
FN:112,(anonymous_8)
FN:128,(anonymous_9)
FN:141,(anonymous_10)
FN:143,(anonymous_11)
FN:162,(anonymous_12)
FN:166,(anonymous_13)
FN:171,(anonymous_14)
FN:176,(anonymous_15)
FN:181,(anonymous_16)
FN:189,(anonymous_17)
FN:196,(anonymous_18)
FN:200,(anonymous_19)
FN:204,(anonymous_20)
FN:218,(anonymous_21)
FN:219,(anonymous_22)
FN:234,(anonymous_23)
FN:251,(anonymous_24)
FN:252,(anonymous_25)
FN:271,(anonymous_26)
FNF:27
FNH:3
FNDA:0,(anonymous_0)
FNDA:1,(anonymous_1)
FNDA:1,(anonymous_2)
FNDA:1,(anonymous_3)
FNDA:0,(anonymous_4)
FNDA:0,(anonymous_5)
FNDA:0,(anonymous_6)
FNDA:0,(anonymous_7)
FNDA:0,(anonymous_8)
FNDA:0,(anonymous_9)
FNDA:0,(anonymous_10)
FNDA:0,(anonymous_11)
FNDA:0,(anonymous_12)
FNDA:0,(anonymous_13)
FNDA:0,(anonymous_14)
FNDA:0,(anonymous_15)
FNDA:0,(anonymous_16)
FNDA:0,(anonymous_17)
FNDA:0,(anonymous_18)
FNDA:0,(anonymous_19)
FNDA:0,(anonymous_20)
FNDA:0,(anonymous_21)
FNDA:0,(anonymous_22)
FNDA:0,(anonymous_23)
FNDA:0,(anonymous_24)
FNDA:0,(anonymous_25)
FNDA:0,(anonymous_26)
DA:20,1
DA:21,1
DA:22,1
DA:23,1
DA:24,1
DA:26,1
DA:33,1
DA:38,1
DA:45,1
DA:53,0
DA:54,0
DA:55,0
DA:58,0
DA:59,0
DA:61,0
DA:64,0
DA:70,1
DA:74,1
DA:80,1
DA:84,1
DA:88,0
DA:89,0
DA:91,0
DA:92,0
DA:93,0
DA:94,0
DA:95,0
DA:97,0
DA:98,0
DA:99,0
DA:100,0
DA:105,0
DA:106,0
DA:109,0
DA:110,0
DA:111,0
DA:112,0
DA:113,0
DA:118,0
DA:119,0
DA:120,0
DA:126,0
DA:128,0
DA:129,0
DA:130,0
DA:136,0
DA:137,0
DA:138,0
DA:141,0
DA:143,0
DA:145,0
DA:146,0
DA:147,0
DA:148,0
DA:149,0
DA:150,0
DA:153,0
DA:155,0
DA:159,0
DA:163,0
DA:166,0
DA:167,0
DA:171,0
DA:172,0
DA:176,0
DA:177,0
DA:181,0
DA:183,0
DA:184,0
DA:189,0
DA:190,0
DA:193,0
DA:197,0
DA:201,0
DA:205,0
DA:206,0
DA:207,0
DA:208,0
DA:209,0
DA:210,0
DA:212,0
DA:219,0
DA:220,0
DA:221,0
DA:222,0
DA:223,0
DA:226,0
DA:227,0
DA:235,0
DA:236,0
DA:238,0
DA:239,0
DA:242,0
DA:243,0
DA:244,0
DA:247,0
DA:252,0
DA:253,0
DA:258,1
DA:267,1
DA:268,0
DA:269,0
DA:270,0
DA:271,0
DA:272,0
DA:273,0
LF:106
LH:15
BRDA:58,0,0,0
BRDA:58,0,1,0
BRDA:91,1,0,0
BRDA:98,2,0,0
BRDA:98,2,1,0
BRDA:98,3,0,0
BRDA:98,3,1,0
BRDA:99,4,0,0
BRDA:99,4,1,0
BRDA:111,5,0,0
BRDA:111,5,1,0
BRDA:129,6,0,0
BRDA:129,6,1,0
BRDA:149,7,0,0
BRDA:149,7,1,0
BRDA:183,8,0,0
BRDA:183,8,1,0
BRDA:205,9,0,0
BRDA:205,9,1,0
BRDA:206,10,0,0
BRDA:206,10,1,0
BRDA:206,11,0,0
BRDA:206,11,1,0
BRDA:207,12,0,0
BRDA:207,12,1,0
BRDA:209,13,0,0
BRDA:209,13,1,0
BRDA:222,14,0,0
BRDA:222,14,1,0
BRDA:226,15,0,0
BRDA:226,15,1,0
BRDA:226,16,0,0
BRDA:226,16,1,0
BRDA:236,17,0,0
BRDA:236,17,1,0
BRDA:238,18,0,0
BRDA:238,18,1,0
BRDA:242,19,0,0
BRDA:242,19,1,0
BRDA:243,20,0,0
BRDA:243,20,1,0
BRDA:267,21,0,0
BRDA:267,21,1,1
BRF:43
BRH:1
end_of_record
TN:
SF:/var/www/coreUI/coreuiNew/js/src/button.js
FN:56,(anonymous_0)
FN:63,(anonymous_1)
FN:69,(anonymous_2)
FN:120,(anonymous_3)
FN:127,(anonymous_4)
FN:128,(anonymous_5)
FN:141,(anonymous_6)
FN:152,(anonymous_7)
FN:168,(anonymous_8)
FN:176,(anonymous_9)
FNF:10
FNH:10
FNDA:12,(anonymous_0)
FNDA:1,(anonymous_1)
FNDA:10,(anonymous_2)
FNDA:1,(anonymous_3)
FNDA:3,(anonymous_4)
FNDA:3,(anonymous_5)
FNDA:4,(anonymous_6)
FNDA:7,(anonymous_7)
FNDA:5,(anonymous_8)
FNDA:5,(anonymous_9)
DA:23,1
DA:24,1
DA:25,1
DA:26,1
DA:27,1
DA:29,1
DA:35,1
DA:43,1
DA:57,12
DA:58,12
DA:64,1
DA:70,10
DA:71,10
DA:73,10
DA:78,10
DA:79,5
DA:81,5
DA:82,3
DA:84,1
DA:86,2
DA:88,2
DA:89,1
DA:93,3
DA:94,2
DA:98,0
DA:101,2
DA:102,2
DA:105,3
DA:106,3
DA:110,10
DA:111,7
DA:115,10
DA:116,9
DA:121,1
DA:122,1
DA:128,3
DA:129,3
DA:131,3
DA:132,2
DA:135,3
DA:136,2
DA:142,4
DA:152,1
DA:153,7
DA:155,7
DA:156,7
DA:157,3
DA:160,7
DA:161,7
DA:162,6
DA:165,7
DA:168,1
DA:169,5
DA:171,5
DA:172,4
DA:176,1
DA:177,5
DA:179,5
DA:180,4
DA:184,1
DA:193,1
LF:61
LH:60
BRDA:78,0,0,5
BRDA:78,0,1,5
BRDA:81,1,0,3
BRDA:81,1,1,2
BRDA:81,2,0,5
BRDA:81,2,1,4
BRDA:82,3,0,1
BRDA:82,3,1,2
BRDA:82,4,0,3
BRDA:82,4,1,1
BRDA:88,5,0,1
BRDA:88,5,1,1
BRDA:93,6,0,2
BRDA:93,6,1,1
BRDA:94,7,0,0
BRDA:94,7,1,2
BRDA:94,8,0,2
BRDA:94,8,1,2
BRDA:94,8,2,2
BRDA:94,8,3,2
BRDA:110,9,0,7
BRDA:110,9,1,3
BRDA:115,10,0,9
BRDA:115,10,1,1
BRDA:131,11,0,2
BRDA:131,11,1,1
BRDA:135,12,0,2
BRDA:135,12,1,1
BRDA:156,13,0,3
BRDA:156,13,1,4
BRDA:161,14,0,6
BRDA:161,14,1,1
BRDA:171,15,0,4
BRDA:171,15,1,1
BRDA:179,16,0,4
BRDA:179,16,1,1
BRDA:193,17,0,1
BRF:37
BRH:36
end_of_record
TN:
SF:/var/www/coreUI/coreuiNew/js/src/carousel.js
FN:120,(anonymous_0)
FN:142,(anonymous_1)
FN:146,(anonymous_2)
FN:152,(anonymous_3)
FN:158,(anonymous_4)
FN:166,(anonymous_5)
FN:172,(anonymous_6)
FN:186,(anonymous_7)
FN:204,(anonymous_8)
FN:213,(anonymous_9)
FN:230,(anonymous_10)
FN:246,(anonymous_11)
FN:255,(anonymous_12)
FN:277,(anonymous_13)
FN:280,(anonymous_14)
FN:285,(anonymous_15)
FN:287,(anonymous_16)
FN:295,(anonymous_17)
FN:296,(anonymous_18)
FN:304,(anonymous_19)
FN:313,(anonymous_20)
FN:333,(anonymous_21)
FN:337,(anonymous_22)
FN:338,(anonymous_23)
FN:342,(anonymous_24)
FN:343,(anonymous_25)
FN:347,(anonymous_26)
FN:348,(anonymous_27)
FN:349,(anonymous_28)
FN:353,(anonymous_29)
FN:371,(anonymous_30)
FN:379,(anonymous_31)
FN:399,(anonymous_32)
FN:411,(anonymous_33)
FN:428,(anonymous_34)
FN:493,(anonymous_35)
FN:504,(anonymous_36)
FN:535,(anonymous_37)
FN:569,(anonymous_38)
FN:570,(anonymous_39)
FN:575,(anonymous_40)
FN:601,(anonymous_41)
FN:615,(anonymous_42)
FNF:43
FNH:31
FNDA:38,(anonymous_0)
FNDA:1,(anonymous_1)
FNDA:1,(anonymous_2)
FNDA:11,(anonymous_3)
FNDA:1,(anonymous_4)
FNDA:5,(anonymous_5)
FNDA:4,(anonymous_6)
FNDA:4,(anonymous_7)
FNDA:7,(anonymous_8)
FNDA:1,(anonymous_9)
FNDA:1,(anonymous_10)
FNDA:38,(anonymous_11)
FNDA:0,(anonymous_12)
FNDA:39,(anonymous_13)
FNDA:5,(anonymous_14)
FNDA:1,(anonymous_15)
FNDA:1,(anonymous_16)
FNDA:36,(anonymous_17)
FNDA:0,(anonymous_18)
FNDA:0,(anonymous_19)
FNDA:0,(anonymous_20)
FNDA:0,(anonymous_21)
FNDA:0,(anonymous_22)
FNDA:0,(anonymous_23)
FNDA:0,(anonymous_24)
FNDA:0,(anonymous_25)
FNDA:0,(anonymous_26)
FNDA:0,(anonymous_27)
FNDA:0,(anonymous_28)
FNDA:5,(anonymous_29)
FNDA:87,(anonymous_30)
FNDA:13,(anonymous_31)
FNDA:16,(anonymous_32)
FNDA:15,(anonymous_33)
FNDA:17,(anonymous_34)
FNDA:15,(anonymous_35)
FNDA:15,(anonymous_36)
FNDA:7,(anonymous_37)
FNDA:4,(anonymous_38)
FNDA:4,(anonymous_39)
FNDA:4,(anonymous_40)
FNDA:3,(anonymous_41)
FNDA:3,(anonymous_42)
DA:35,1
DA:36,1
DA:37,1
DA:38,1
DA:39,1
DA:40,1
DA:41,1
DA:42,1
DA:43,1
DA:45,1
DA:54,1
DA:63,1
DA:70,1
DA:86,1
DA:98,1
DA:109,1
DA:121,38
DA:122,38
DA:123,38
DA:124,38
DA:125,38
DA:126,38
DA:127,38
DA:128,38
DA:130,38
DA:131,38
DA:132,38
DA:133,38
DA:134,38
DA:136,38
DA:137,38
DA:143,1
DA:147,1
DA:153,11
DA:154,10
DA:161,1
DA:162,0
DA:167,5
DA:168,4
DA:173,4
DA:174,3
DA:177,4
DA:178,1
DA:179,1
DA:182,4
DA:183,4
DA:187,4
DA:188,3
DA:191,4
DA:192,1
DA:193,1
DA:196,4
DA:197,3
DA:205,7
DA:206,7
DA:208,7
DA:209,2
DA:212,5
DA:213,1
DA:214,1
DA:217,4
DA:218,1
DA:219,1
DA:220,1
DA:223,3
DA:227,3
DA:231,1
DA:232,1
DA:234,1
DA:235,1
DA:236,1
DA:237,1
DA:238,1
DA:239,1
DA:240,1
DA:241,1
DA:247,38
DA:251,38
DA:252,38
DA:256,0
DA:258,0
DA:259,0
DA:262,0
DA:264,0
DA:267,0
DA:268,0
DA:272,0
DA:273,0
DA:278,39
DA:279,39
DA:280,5
DA:283,39
DA:284,39
DA:285,1
DA:286,39
DA:287,1
DA:290,39
DA:291,37
DA:296,36
DA:297,0
DA:298,0
DA:299,0
DA:300,0
DA:304,36
DA:306,0
DA:307,0
DA:309,0
DA:313,36
DA:314,0
DA:315,0
DA:318,0
DA:319,0
DA:328,0
DA:329,0
DA:330,0
DA:333,0
DA:337,36
DA:338,0
DA:341,36
DA:342,36
DA:343,36
DA:345,36
DA:347,0
DA:348,0
DA:349,0
DA:354,5
DA:355,2
DA:358,3
DA:360,1
DA:361,1
DA:362,1
DA:364,1
DA:365,1
DA:366,1
DA:372,87
DA:376,87
DA:380,13
DA:381,13
DA:382,13
DA:383,13
DA:384,13
DA:387,13
DA:388,1
DA:391,12
DA:392,12
DA:394,12
DA:400,16
DA:401,16
DA:403,16
DA:412,15
DA:413,1
DA:414,1
DA:415,1
DA:418,1
DA:422,1
DA:423,1
DA:429,17
DA:430,17
DA:431,17
DA:434,17
DA:435,17
DA:441,17
DA:442,12
DA:443,12
DA:444,12
DA:446,5
DA:447,5
DA:448,5
DA:451,17
DA:452,1
DA:453,1
DA:456,16
DA:457,16
DA:458,1
DA:461,15
DA:463,0
DA:466,15
DA:468,15
DA:469,0
DA:472,15
DA:474,15
DA:475,15
DA:477,15
DA:479,15
DA:480,15
DA:482,15
DA:483,15
DA:484,2
DA:485,2
DA:487,13
DA:490,15
DA:492,15
DA:494,15
DA:495,15
DA:496,15
DA:498,15
DA:499,15
DA:500,15
DA:502,15
DA:504,15
DA:505,15
DA:514,15
DA:516,0
DA:517,0
DA:519,0
DA:520,0
DA:528,15
DA:529,0
DA:536,7
DA:537,7
DA:542,7
DA:543,3
DA:549,7
DA:551,7
DA:552,5
DA:555,7
DA:556,1
DA:557,6
DA:558,2
DA:559,1
DA:562,1
DA:563,4
DA:564,1
DA:565,1
DA:570,4
DA:571,4
DA:576,4
DA:578,4
DA:579,2
DA:582,2
DA:586,2
DA:588,2
DA:589,1
DA:592,2
DA:594,2
DA:595,1
DA:598,2
DA:602,3
DA:612,1
DA:615,1
DA:616,3
DA:617,3
DA:618,1
DA:622,1
DA:631,1
LF:245
LH:209
BRDA:133,0,0,38
BRDA:133,0,1,0
BRDA:134,1,0,38
BRDA:134,1,1,0
BRDA:153,2,0,10
BRDA:153,2,1,1
BRDA:161,3,0,0
BRDA:161,3,1,1
BRDA:161,4,0,1
BRDA:161,4,1,1
BRDA:167,5,0,4
BRDA:167,5,1,1
BRDA:173,6,0,3
BRDA:173,6,1,1
BRDA:177,7,0,1
BRDA:177,7,1,3
BRDA:187,8,0,3
BRDA:187,8,1,1
BRDA:191,9,0,1
BRDA:191,9,1,3
BRDA:196,10,0,3
BRDA:196,10,1,1
BRDA:196,11,0,4
BRDA:196,11,1,4
BRDA:196,11,2,4
BRDA:198,12,0,3
BRDA:198,12,1,0
BRDA:208,13,0,2
BRDA:208,13,1,5
BRDA:208,14,0,7
BRDA:208,14,1,6
BRDA:212,15,0,1
BRDA:212,15,1,4
BRDA:217,16,0,1
BRDA:217,16,1,3
BRDA:223,17,0,2
BRDA:223,17,1,1
BRDA:258,18,0,0
BRDA:258,18,1,0
BRDA:267,19,0,0
BRDA:267,19,1,0
BRDA:272,20,0,0
BRDA:272,20,1,0
BRDA:278,21,0,39
BRDA:278,21,1,0
BRDA:283,22,0,39
BRDA:283,22,1,0
BRDA:290,23,0,37
BRDA:290,23,1,2
BRDA:290,24,0,39
BRDA:290,24,1,38
BRDA:297,25,0,0
BRDA:297,25,1,0
BRDA:297,26,0,0
BRDA:297,26,1,0
BRDA:299,27,0,0
BRDA:299,27,1,0
BRDA:306,28,0,0
BRDA:306,28,1,0
BRDA:306,29,0,0
BRDA:306,29,1,0
BRDA:314,30,0,0
BRDA:314,30,1,0
BRDA:314,31,0,0
BRDA:314,31,1,0
BRDA:319,32,0,0
BRDA:319,32,1,0
BRDA:329,33,0,0
BRDA:329,33,1,0
BRDA:341,34,0,36
BRDA:341,34,1,0
BRDA:354,35,0,2
BRDA:354,35,1,3
BRDA:358,36,0,1
BRDA:358,36,1,1
BRDA:358,36,2,1
BRDA:372,37,0,83
BRDA:372,37,1,4
BRDA:372,38,0,87
BRDA:372,38,1,83
BRDA:384,39,0,13
BRDA:384,39,1,4
BRDA:384,39,2,11
BRDA:384,39,3,9
BRDA:387,40,0,1
BRDA:387,40,1,12
BRDA:387,41,0,13
BRDA:387,41,1,3
BRDA:391,42,0,3
BRDA:391,42,1,9
BRDA:394,43,0,1
BRDA:394,43,1,11
BRDA:412,44,0,1
BRDA:412,44,1,14
BRDA:422,45,0,1
BRDA:422,45,1,0
BRDA:431,46,0,17
BRDA:431,46,1,14
BRDA:431,46,2,13
BRDA:441,47,0,12
BRDA:441,47,1,5
BRDA:451,48,0,1
BRDA:451,48,1,16
BRDA:451,49,0,17
BRDA:451,49,1,16
BRDA:457,50,0,1
BRDA:457,50,1,15
BRDA:461,51,0,0
BRDA:461,51,1,15
BRDA:461,52,0,15
BRDA:461,52,1,15
BRDA:468,53,0,0
BRDA:468,53,1,15
BRDA:474,54,0,15
BRDA:474,54,1,0
BRDA:483,55,0,2
BRDA:483,55,1,13
BRDA:484,56,0,2
BRDA:484,56,1,2
BRDA:487,57,0,13
BRDA:487,57,1,13
BRDA:528,58,0,0
BRDA:528,58,1,15
BRDA:542,59,0,3
BRDA:542,59,1,4
BRDA:549,60,0,1
BRDA:549,60,1,6
BRDA:551,61,0,5
BRDA:551,61,1,2
BRDA:555,62,0,1
BRDA:555,62,1,6
BRDA:557,63,0,2
BRDA:557,63,1,4
BRDA:558,64,0,1
BRDA:558,64,1,1
BRDA:563,65,0,1
BRDA:563,65,1,3
BRDA:563,66,0,4
BRDA:563,66,1,3
BRDA:578,67,0,2
BRDA:578,67,1,2
BRDA:578,68,0,4
BRDA:578,68,1,3
BRDA:588,69,0,1
BRDA:588,69,1,1
BRDA:594,70,0,1
BRDA:594,70,1,1
BRDA:631,71,0,1
BRF:148
BRH:112
end_of_record
TN:
SF:/var/www/coreUI/coreuiNew/js/src/collapse.js
FN:83,(anonymous_0)
FN:97,(anonymous_1)
FN:120,(anonymous_2)
FN:124,(anonymous_3)
FN:130,(anonymous_4)
FN:138,(anonymous_5)
FN:149,(anonymous_6)
FN:164,(anonymous_7)
FN:178,(anonymous_8)
FN:197,(anonymous_9)
FN:205,(anonymous_10)
FN:227,(anonymous_11)
FN:263,(anonymous_12)
FN:277,(anonymous_13)
FN:281,(anonymous_14)
FN:293,(anonymous_15)
FN:303,(anonymous_16)
FN:308,(anonymous_17)
FN:323,(anonymous_18)
FN:335,(anonymous_19)
FN:340,(anonymous_20)
FN:355,(anonymous_21)
FN:380,(anonymous_22)
FN:381,(anonymous_23)
FN:386,(anonymous_24)
FN:397,(anonymous_25)
FN:407,(anonymous_26)
FNF:27
FNH:26
FNDA:48,(anonymous_0)
FNDA:73,(anonymous_1)
FNDA:1,(anonymous_2)
FNDA:1,(anonymous_3)
FNDA:33,(anonymous_4)
FNDA:32,(anonymous_5)
FNDA:14,(anonymous_6)
FNDA:13,(anonymous_7)
FNDA:13,(anonymous_8)
FNDA:35,(anonymous_9)
FNDA:28,(anonymous_10)
FNDA:20,(anonymous_11)
FNDA:15,(anonymous_12)
FNDA:87,(anonymous_13)
FNDA:1,(anonymous_14)
FNDA:48,(anonymous_15)
FNDA:44,(anonymous_16)
FNDA:24,(anonymous_17)
FNDA:0,(anonymous_18)
FNDA:26,(anonymous_19)
FNDA:20,(anonymous_20)
FNDA:36,(anonymous_21)
FNDA:3,(anonymous_22)
FNDA:3,(anonymous_23)
FNDA:6,(anonymous_24)
FNDA:17,(anonymous_25)
FNDA:22,(anonymous_26)
DA:35,1
DA:36,1
DA:37,1
DA:38,1
DA:39,1
DA:41,1
DA:46,1
DA:51,1
DA:59,1
DA:66,1
DA:71,1
DA:84,48
DA:85,48
DA:86,48
DA:87,48
DA:92,48
DA:93,48
DA:94,60
DA:95,60
DA:96,60
DA:97,73
DA:99,60
DA:100,30
DA:101,30
DA:105,48
DA:107,48
DA:108,26
DA:111,48
DA:112,28
DA:115,48
DA:121,1
DA:125,1
DA:131,33
DA:132,6
DA:134,27
DA:139,32
DA:141,2
DA:147,30
DA:148,15
DA:150,14
DA:151,13
DA:154,1
DA:157,15
DA:158,5
DA:162,30
DA:163,30
DA:164,13
DA:165,10
DA:167,10
DA:168,0
DA:172,30
DA:173,30
DA:174,1
DA:177,29
DA:178,10
DA:179,13
DA:180,11
DA:183,13
DA:184,9
DA:189,29
DA:191,29
DA:192,29
DA:194,29
DA:196,29
DA:197,20
DA:198,35
DA:199,35
DA:203,29
DA:205,29
DA:206,28
DA:207,28
DA:208,28
DA:210,28
DA:212,28
DA:214,28
DA:217,29
DA:218,29
DA:219,29
DA:221,29
DA:223,29
DA:224,29
DA:228,20
DA:230,4
DA:233,16
DA:234,16
DA:235,1
DA:238,15
DA:240,15
DA:242,15
DA:244,15
DA:245,15
DA:246,15
DA:248,15
DA:249,15
DA:250,13
DA:251,26
DA:252,26
DA:254,26
DA:255,25
DA:256,25
DA:261,15
DA:263,15
DA:264,15
DA:265,15
DA:266,15
DA:267,15
DA:270,15
DA:271,15
DA:273,15
DA:274,15
DA:278,87
DA:282,1
DA:284,1
DA:285,1
DA:286,1
DA:287,1
DA:288,1
DA:294,48
DA:298,48
DA:299,48
DA:300,48
DA:304,44
DA:305,44
DA:309,24
DA:311,24
DA:313,5
DA:314,2
DA:317,19
DA:320,24
DA:322,24
DA:324,0
DA:326,0
DA:332,24
DA:336,26
DA:337,26
DA:339,26
DA:340,9
DA:341,20
DA:342,6
DA:344,14
DA:347,20
DA:356,36
DA:357,36
DA:363,36
DA:364,6
DA:367,36
DA:368,28
DA:371,36
DA:372,14
DA:373,1
DA:376,13
DA:381,3
DA:382,3
DA:387,6
DA:397,1
DA:399,17
DA:400,16
DA:403,17
DA:404,17
DA:405,17
DA:407,17
DA:408,22
DA:410,22
DA:412,2
DA:413,0
DA:414,0
DA:417,2
DA:419,20
DA:422,22
DA:426,1
DA:435,1
LF:171
LH:166
BRDA:99,0,0,30
BRDA:99,0,1,30
BRDA:99,1,0,60
BRDA:99,1,1,53
BRDA:105,2,0,22
BRDA:105,2,1,26
BRDA:107,3,0,26
BRDA:107,3,1,22
BRDA:111,4,0,28
BRDA:111,4,1,20
BRDA:131,5,0,6
BRDA:131,5,1,27
BRDA:139,6,0,2
BRDA:139,6,1,30
BRDA:139,7,0,32
BRDA:139,7,1,31
BRDA:147,8,0,15
BRDA:147,8,1,15
BRDA:150,9,0,13
BRDA:150,9,1,1
BRDA:157,10,0,5
BRDA:157,10,1,10
BRDA:163,11,0,10
BRDA:163,11,1,20
BRDA:165,12,0,9
BRDA:165,12,1,1
BRDA:167,13,0,0
BRDA:167,13,1,10
BRDA:167,14,0,10
BRDA:167,14,1,4
BRDA:173,15,0,1
BRDA:173,15,1,29
BRDA:177,16,0,10
BRDA:177,16,1,19
BRDA:179,17,0,11
BRDA:179,17,1,2
BRDA:183,18,0,9
BRDA:183,18,1,4
BRDA:196,19,0,20
BRDA:196,19,1,9
BRDA:228,20,0,4
BRDA:228,20,1,16
BRDA:228,21,0,20
BRDA:228,21,1,19
BRDA:234,22,0,1
BRDA:234,22,1,15
BRDA:249,23,0,13
BRDA:249,23,1,2
BRDA:254,24,0,25
BRDA:254,24,1,1
BRDA:254,25,0,26
BRDA:254,25,1,26
BRDA:305,26,0,1
BRDA:305,26,1,43
BRDA:311,27,0,5
BRDA:311,27,1,19
BRDA:313,28,0,2
BRDA:313,28,1,3
BRDA:313,29,0,5
BRDA:313,29,1,5
BRDA:336,30,0,26
BRDA:336,30,1,0
BRDA:339,31,0,9
BRDA:339,31,1,17
BRDA:341,32,0,6
BRDA:341,32,1,14
BRDA:360,33,0,20
BRDA:360,33,1,16
BRDA:360,34,0,36
BRDA:360,34,1,20
BRDA:363,35,0,6
BRDA:363,35,1,30
BRDA:363,36,0,36
BRDA:363,36,1,28
BRDA:363,36,2,28
BRDA:367,37,0,28
BRDA:367,37,1,8
BRDA:371,38,0,14
BRDA:371,38,1,22
BRDA:372,39,0,1
BRDA:372,39,1,13
BRDA:399,40,0,16
BRDA:399,40,1,1
BRDA:410,41,0,2
BRDA:410,41,1,20
BRDA:412,42,0,0
BRDA:412,42,1,2
BRDA:412,43,0,2
BRDA:412,43,1,2
BRDA:435,44,0,1
BRF:90
BRH:87
end_of_record
TN:
SF:/var/www/coreUI/coreuiNew/js/src/dropdown.js
FN:111,(anonymous_0)
FN:124,(anonymous_1)
FN:128,(anonymous_2)
FN:132,(anonymous_3)
FN:138,(anonymous_4)
FN:154,(anonymous_5)
FN:206,(anonymous_6)
FN:217,(anonymous_7)
FN:242,(anonymous_8)
FN:253,(anonymous_9)
FN:262,(anonymous_10)
FN:263,(anonymous_11)
FN:270,(anonymous_12)
FN:286,(anonymous_13)
FN:292,(anonymous_14)
FN:313,(anonymous_15)
FN:317,(anonymous_16)
FN:321,(anonymous_17)
FN:336,(anonymous_18)
FN:365,(anonymous_19)
FN:382,(anonymous_20)
FN:383,(anonymous_21)
FN:388,(anonymous_22)
FN:431,(anonymous_23)
FN:446,(anonymous_24)
FN:450,(anonymous_25)
FN:509,(anonymous_26)
FN:524,(anonymous_27)
FN:530,(anonymous_28)
FNF:29
FNH:27
FNDA:58,(anonymous_0)
FNDA:1,(anonymous_1)
FNDA:59,(anonymous_2)
FNDA:59,(anonymous_3)
FNDA:37,(anonymous_4)
FNDA:39,(anonymous_5)
FNDA:1258,(anonymous_6)
FNDA:6,(anonymous_7)
FNDA:2,(anonymous_8)
FNDA:2,(anonymous_9)
FNDA:58,(anonymous_10)
FNDA:1,(anonymous_11)
FNDA:58,(anonymous_12)
FNDA:58,(anonymous_13)
FNDA:34,(anonymous_14)
FNDA:58,(anonymous_15)
FNDA:36,(anonymous_16)
FNDA:0,(anonymous_17)
FNDA:34,(anonymous_18)
FNDA:21,(anonymous_19)
FNDA:3,(anonymous_20)
FNDA:3,(anonymous_21)
FNDA:108,(anonymous_22)
FNDA:370,(anonymous_23)
FNDA:158,(anonymous_24)
FNDA:17,(anonymous_25)
FNDA:4,(anonymous_26)
FNDA:18,(anonymous_27)
FNDA:0,(anonymous_28)
DA:33,1
DA:34,1
DA:35,1
DA:36,1
DA:37,1
DA:38,1
DA:39,1
DA:40,1
DA:41,1
DA:42,1
DA:43,1
DA:44,1
DA:46,1
DA:57,1
DA:67,1
DA:75,1
DA:86,1
DA:95,1
DA:112,58
DA:113,58
DA:114,58
DA:115,58
DA:116,58
DA:118,58
DA:119,58
DA:125,1
DA:129,59
DA:133,59
DA:139,37
DA:140,2
DA:143,35
DA:145,35
DA:147,35
DA:148,2
DA:151,33
DA:155,39
DA:156,3
DA:159,36
DA:160,36
DA:164,36
DA:166,36
DA:167,2
DA:171,34
DA:172,33
DA:173,0
DA:176,33
DA:178,33
DA:179,1
DA:180,32
DA:181,2
DA:184,2
DA:185,1
DA:192,33
DA:193,1
DA:196,33
DA:203,34
DA:205,34
DA:206,1258
DA:209,34
DA:210,34
DA:212,34
DA:213,34
DA:214,34
DA:218,6
DA:219,3
DA:222,3
DA:223,3
DA:227,3
DA:229,3
DA:230,1
DA:233,2
DA:234,1
DA:237,2
DA:238,2
DA:239,2
DA:243,2
DA:244,2
DA:245,2
DA:246,2
DA:247,2
DA:248,1
DA:249,1
DA:254,2
DA:255,2
DA:256,1
DA:263,58
DA:264,1
DA:265,1
DA:266,1
DA:271,58
DA:277,58
DA:283,58
DA:287,58
DA:289,58
DA:293,34
DA:294,34
DA:297,34
DA:298,2
DA:299,2
DA:300,1
DA:302,32
DA:303,1
DA:304,31
DA:305,1
DA:306,30
DA:307,1
DA:310,34
DA:314,58
DA:318,36
DA:320,36
DA:321,1
DA:322,0
DA:327,0
DA:330,35
DA:333,36
DA:337,34
DA:351,34
DA:352,1
DA:357,34
DA:366,21
DA:367,21
DA:369,21
DA:370,20
DA:373,21
DA:374,19
DA:375,1
DA:378,18
DA:383,3
DA:384,3
DA:389,108
DA:391,0
DA:394,108
DA:395,108
DA:396,53
DA:397,53
DA:398,53
DA:402,53
DA:403,5
DA:406,53
DA:407,4
DA:410,49
DA:411,49
DA:412,39
DA:415,10
DA:419,0
DA:422,10
DA:423,10
DA:424,0
DA:429,10
DA:430,10
DA:431,370
DA:434,10
DA:436,10
DA:437,10
DA:440,10
DA:441,10
DA:442,10
DA:447,158
DA:458,17
DA:463,8
DA:466,9
DA:467,9
DA:469,9
DA:470,1
DA:473,8
DA:474,8
DA:476,8
DA:477,2
DA:478,2
DA:481,2
DA:482,2
DA:485,6
DA:488,6
DA:489,0
DA:492,6
DA:494,6
DA:495,1
DA:498,6
DA:499,5
DA:502,6
DA:503,0
DA:506,6
DA:510,4
DA:520,1
DA:521,1
DA:522,1
DA:523,1
DA:524,1
DA:525,18
DA:526,18
DA:527,18
DA:529,1
DA:530,0
DA:532,1
DA:541,1
LF:195
LH:186
BRDA:139,0,0,2
BRDA:139,0,1,35
BRDA:139,1,0,37
BRDA:139,1,1,36
BRDA:147,2,0,2
BRDA:147,2,1,33
BRDA:155,3,0,3
BRDA:155,3,1,36
BRDA:155,4,0,39
BRDA:155,4,1,38
BRDA:155,4,2,37
BRDA:166,5,0,2
BRDA:166,5,1,34
BRDA:171,6,0,33
BRDA:171,6,1,1
BRDA:172,7,0,0
BRDA:172,7,1,33
BRDA:178,8,0,1
BRDA:178,8,1,32
BRDA:180,9,0,2
BRDA:180,9,1,30
BRDA:184,10,0,1
BRDA:184,10,1,1
BRDA:192,11,0,1
BRDA:192,11,1,32
BRDA:203,12,0,34
BRDA:203,12,1,0
BRDA:203,13,0,34
BRDA:203,13,1,34
BRDA:218,14,0,3
BRDA:218,14,1,3
BRDA:218,15,0,6
BRDA:218,15,1,5
BRDA:218,15,2,4
BRDA:229,16,0,1
BRDA:229,16,1,2
BRDA:233,17,0,1
BRDA:233,17,1,1
BRDA:247,18,0,1
BRDA:247,18,1,1
BRDA:255,19,0,1
BRDA:255,19,1,1
BRDA:297,20,0,2
BRDA:297,20,1,32
BRDA:299,21,0,1
BRDA:299,21,1,1
BRDA:302,22,0,1
BRDA:302,22,1,31
BRDA:304,23,0,1
BRDA:304,23,1,30
BRDA:306,24,0,1
BRDA:306,24,1,29
BRDA:320,25,0,1
BRDA:320,25,1,35
BRDA:324,26,0,0
BRDA:324,26,1,0
BRDA:351,27,0,1
BRDA:351,27,1,33
BRDA:367,28,0,0
BRDA:367,28,1,21
BRDA:369,29,0,20
BRDA:369,29,1,1
BRDA:373,30,0,19
BRDA:373,30,1,2
BRDA:374,31,0,1
BRDA:374,31,1,18
BRDA:389,32,0,0
BRDA:389,32,1,108
BRDA:389,33,0,108
BRDA:389,33,1,71
BRDA:389,33,2,71
BRDA:389,33,3,3
BRDA:402,34,0,5
BRDA:402,34,1,48
BRDA:402,35,0,53
BRDA:402,35,1,10
BRDA:406,36,0,4
BRDA:406,36,1,49
BRDA:411,37,0,39
BRDA:411,37,1,10
BRDA:415,38,0,0
BRDA:415,38,1,10
BRDA:415,39,0,10
BRDA:415,39,1,6
BRDA:415,39,2,3
BRDA:415,39,3,6
BRDA:415,39,4,3
BRDA:415,39,5,3
BRDA:423,40,0,0
BRDA:423,40,1,10
BRDA:429,41,0,10
BRDA:429,41,1,0
BRDA:436,42,0,10
BRDA:436,42,1,0
BRDA:447,43,0,158
BRDA:447,43,1,153
BRDA:458,44,0,8
BRDA:458,44,1,9
BRDA:458,45,0,9
BRDA:458,45,1,8
BRDA:459,46,0,9
BRDA:459,46,1,9
BRDA:459,46,2,8
BRDA:459,46,3,6
BRDA:459,46,4,4
BRDA:469,47,0,1
BRDA:469,47,1,8
BRDA:469,48,0,9
BRDA:469,48,1,8
BRDA:476,49,0,2
BRDA:476,49,1,6
BRDA:476,50,0,8
BRDA:476,50,1,8
BRDA:476,50,2,8
BRDA:476,50,3,6
BRDA:477,51,0,2
BRDA:477,51,1,0
BRDA:488,52,0,0
BRDA:488,52,1,6
BRDA:494,53,0,1
BRDA:494,53,1,5
BRDA:494,54,0,6
BRDA:494,54,1,1
BRDA:498,55,0,5
BRDA:498,55,1,1
BRDA:498,56,0,6
BRDA:498,56,1,5
BRDA:502,57,0,0
BRDA:502,57,1,6
BRDA:541,58,0,1
BRF:130
BRH:117
end_of_record
TN:
SF:/var/www/coreUI/coreuiNew/js/src/modal.js
FN:96,(anonymous_0)
FN:111,(anonymous_1)
FN:115,(anonymous_2)
FN:121,(anonymous_3)
FN:125,(anonymous_4)
FN:155,(anonymous_5)
FN:158,(anonymous_6)
FN:159,(anonymous_7)
FN:166,(anonymous_8)
FN:169,(anonymous_9)
FN:204,(anonymous_10)
FN:211,(anonymous_11)
FN:213,(anonymous_12)
FN:235,(anonymous_13)
FN:241,(anonymous_14)
FN:250,(anonymous_15)
FN:280,(anonymous_16)
FN:301,(anonymous_17)
FN:303,(anonymous_18)
FN:312,(anonymous_19)
FN:314,(anonymous_20)
FN:324,(anonymous_21)
FN:326,(anonymous_22)
FN:332,(anonymous_23)
FN:337,(anonymous_24)
FN:345,(anonymous_25)
FN:350,(anonymous_26)
FN:365,(anonymous_27)
FN:396,(anonymous_28)
FN:413,(anonymous_29)
FN:422,(anonymous_30)
FN:436,(anonymous_31)
FN:449,(anonymous_32)
FN:454,(anonymous_33)
FN:460,(anonymous_34)
FN:467,(anonymous_35)
FN:476,(anonymous_36)
FN:494,(anonymous_37)
FN:497,(anonymous_38)
FN:507,(anonymous_39)
FN:525,(anonymous_40)
FN:536,(anonymous_41)
FN:537,(anonymous_42)
FN:561,(anonymous_43)
FN:572,(anonymous_44)
FN:579,(anonymous_45)
FN:585,(anonymous_46)
FNF:47
FNH:45
FNDA:43,(anonymous_0)
FNDA:1,(anonymous_1)
FNDA:1,(anonymous_2)
FNDA:12,(anonymous_3)
FNDA:35,(anonymous_4)
FNDA:1,(anonymous_5)
FNDA:0,(anonymous_6)
FNDA:0,(anonymous_7)
FNDA:31,(anonymous_8)
FNDA:15,(anonymous_9)
FNDA:1,(anonymous_10)
FNDA:1,(anonymous_11)
FNDA:3,(anonymous_12)
FNDA:1,(anonymous_13)
FNDA:43,(anonymous_14)
FNDA:31,(anonymous_15)
FNDA:31,(anonymous_16)
FNDA:30,(anonymous_17)
FNDA:1,(anonymous_18)
FNDA:43,(anonymous_19)
FNDA:2,(anonymous_20)
FNDA:43,(anonymous_21)
FNDA:4,(anonymous_22)
FNDA:12,(anonymous_23)
FNDA:12,(anonymous_24)
FNDA:12,(anonymous_25)
FNDA:43,(anonymous_26)
FNDA:2,(anonymous_27)
FNDA:12,(anonymous_28)
FNDA:3,(anonymous_29)
FNDA:1,(anonymous_30)
FNDA:35,(anonymous_31)
FNDA:12,(anonymous_32)
FNDA:31,(anonymous_33)
FNDA:31,(anonymous_34)
FNDA:2,(anonymous_35)
FNDA:1,(anonymous_36)
FNDA:12,(anonymous_37)
FNDA:2,(anonymous_38)
FNDA:1,(anonymous_39)
FNDA:33,(anonymous_40)
FNDA:5,(anonymous_41)
FNDA:5,(anonymous_42)
FNDA:8,(anonymous_43)
FNDA:6,(anonymous_44)
FNDA:6,(anonymous_45)
FNDA:2,(anonymous_46)
DA:34,1
DA:35,1
DA:36,1
DA:37,1
DA:38,1
DA:39,1
DA:41,1
DA:48,1
DA:55,1
DA:70,1
DA:80,1
DA:97,43
DA:98,43
DA:99,43
DA:100,43
DA:101,43
DA:102,43
DA:103,43
DA:104,43
DA:105,43
DA:106,43
DA:112,1
DA:116,1
DA:122,12
DA:126,35
DA:127,2
DA:130,33
DA:131,5
DA:134,33
DA:138,33
DA:139,2
DA:142,31
DA:144,31
DA:145,31
DA:147,31
DA:149,31
DA:150,31
DA:152,31
DA:155,1
DA:158,31
DA:159,0
DA:160,0
DA:161,0
DA:166,31
DA:170,15
DA:171,1
DA:174,15
DA:175,2
DA:178,13
DA:180,13
DA:181,1
DA:184,12
DA:185,12
DA:187,12
DA:188,1
DA:191,12
DA:192,12
DA:194,12
DA:196,12
DA:198,12
DA:199,12
DA:201,12
DA:202,1
DA:204,1
DA:205,1
DA:207,11
DA:212,1
DA:213,3
DA:220,1
DA:222,1
DA:224,1
DA:225,1
DA:226,1
DA:227,1
DA:228,1
DA:229,1
DA:230,1
DA:231,1
DA:232,1
DA:236,1
DA:242,43
DA:246,43
DA:247,43
DA:251,31
DA:252,31
DA:254,31
DA:257,1
DA:260,31
DA:261,31
DA:262,31
DA:264,31
DA:265,1
DA:267,30
DA:270,31
DA:271,5
DA:274,31
DA:276,31
DA:277,30
DA:280,31
DA:281,31
DA:282,30
DA:285,31
DA:286,31
DA:291,31
DA:292,5
DA:294,5
DA:295,5
DA:297,26
DA:302,30
DA:303,30
DA:304,1
DA:307,1
DA:313,43
DA:314,31
DA:315,2
DA:316,1
DA:320,12
DA:325,43
DA:326,31
DA:328,12
DA:333,12
DA:334,12
DA:335,12
DA:336,12
DA:337,12
DA:338,12
DA:339,12
DA:340,12
DA:341,12
DA:346,12
DA:347,12
DA:351,43
DA:355,43
DA:356,29
DA:357,29
DA:359,29
DA:360,5
DA:363,29
DA:365,29
DA:366,2
DA:367,0
DA:368,0
DA:371,2
DA:372,0
DA:375,2
DA:378,29
DA:379,5
DA:382,29
DA:384,29
DA:385,24
DA:386,24
DA:389,5
DA:391,5
DA:392,5
DA:393,14
DA:394,12
DA:396,12
DA:397,12
DA:398,12
DA:401,12
DA:402,1
DA:403,1
DA:404,1
DA:406,11
DA:409,2
DA:414,3
DA:415,1
DA:416,1
DA:417,0
DA:420,1
DA:421,1
DA:422,1
DA:423,1
DA:425,1
DA:426,1
DA:428,2
DA:438,35
DA:440,35
DA:441,0
DA:444,35
DA:445,34
DA:450,12
DA:451,12
DA:455,31
DA:456,31
DA:457,31
DA:461,31
DA:466,30
DA:468,2
DA:469,2
DA:470,2
DA:471,2
DA:475,30
DA:477,1
DA:478,1
DA:479,1
DA:480,1
DA:484,30
DA:485,30
DA:487,30
DA:488,30
DA:491,31
DA:496,12
DA:498,2
DA:499,2
DA:500,2
DA:501,2
DA:506,12
DA:508,1
DA:509,1
DA:510,1
DA:511,1
DA:516,12
DA:517,12
DA:518,0
DA:520,12
DA:521,12
DA:526,33
DA:527,33
DA:528,33
DA:529,33
DA:530,33
DA:531,33
DA:537,5
DA:538,5
DA:539,5
DA:545,5
DA:546,3
DA:549,5
DA:550,2
DA:551,1
DA:554,1
DA:555,3
DA:556,2
DA:562,8
DA:572,1
DA:573,6
DA:575,6
DA:576,4
DA:579,6
DA:580,6
DA:582,1
DA:585,5
DA:586,2
DA:587,1
DA:592,6
DA:593,6
DA:594,5
DA:599,5
DA:602,6
DA:605,1
DA:614,1
LF:252
LH:243
BRDA:122,0,0,6
BRDA:122,0,1,6
BRDA:126,1,0,2
BRDA:126,1,1,33
BRDA:126,2,0,35
BRDA:126,2,1,34
BRDA:130,3,0,5
BRDA:130,3,1,28
BRDA:138,4,0,2
BRDA:138,4,1,31
BRDA:138,5,0,33
BRDA:138,5,1,33
BRDA:160,6,0,0
BRDA:160,6,1,0
BRDA:170,7,0,1
BRDA:170,7,1,14
BRDA:174,8,0,2
BRDA:174,8,1,13
BRDA:174,9,0,15
BRDA:174,9,1,13
BRDA:180,10,0,1
BRDA:180,10,1,12
BRDA:187,11,0,1
BRDA:187,11,1,11
BRDA:201,12,0,1
BRDA:201,12,1,11
BRDA:254,13,0,1
BRDA:254,13,1,30
BRDA:254,14,0,31
BRDA:254,14,1,30
BRDA:264,15,0,1
BRDA:264,15,1,30
BRDA:264,16,0,31
BRDA:264,16,1,2
BRDA:270,17,0,5
BRDA:270,17,1,26
BRDA:276,18,0,30
BRDA:276,18,1,1
BRDA:281,19,0,30
BRDA:281,19,1,1
BRDA:291,20,0,5
BRDA:291,20,1,26
BRDA:304,21,0,1
BRDA:304,21,1,0
BRDA:304,22,0,1
BRDA:304,22,1,1
BRDA:304,22,2,1
BRDA:313,23,0,31
BRDA:313,23,1,12
BRDA:313,24,0,43
BRDA:313,24,1,31
BRDA:315,25,0,1
BRDA:315,25,1,1
BRDA:325,26,0,31
BRDA:325,26,1,12
BRDA:351,27,0,6
BRDA:351,27,1,37
BRDA:355,28,0,29
BRDA:355,28,1,14
BRDA:355,29,0,43
BRDA:355,29,1,31
BRDA:359,30,0,5
BRDA:359,30,1,24
BRDA:366,31,0,0
BRDA:366,31,1,2
BRDA:371,32,0,0
BRDA:371,32,1,2
BRDA:378,33,0,5
BRDA:378,33,1,24
BRDA:384,34,0,24
BRDA:384,34,1,5
BRDA:393,35,0,12
BRDA:393,35,1,2
BRDA:393,36,0,14
BRDA:393,36,1,12
BRDA:401,37,0,1
BRDA:401,37,1,11
BRDA:414,38,0,1
BRDA:414,38,1,2
BRDA:416,39,0,0
BRDA:416,39,1,1
BRDA:440,40,0,0
BRDA:440,40,1,35
BRDA:440,41,0,35
BRDA:440,41,1,1
BRDA:444,42,0,34
BRDA:444,42,1,1
BRDA:444,43,0,35
BRDA:444,43,1,34
BRDA:461,44,0,30
BRDA:461,44,1,1
BRDA:499,45,0,2
BRDA:499,45,1,0
BRDA:509,46,0,1
BRDA:509,46,1,0
BRDA:517,47,0,0
BRDA:517,47,1,12
BRDA:542,48,0,0
BRDA:542,48,1,5
BRDA:542,49,0,5
BRDA:542,49,1,0
BRDA:545,50,0,3
BRDA:545,50,1,2
BRDA:549,51,0,2
BRDA:549,51,1,3
BRDA:550,52,0,1
BRDA:550,52,1,1
BRDA:555,53,0,2
BRDA:555,53,1,1
BRDA:575,54,0,4
BRDA:575,54,1,2
BRDA:575,55,0,6
BRDA:575,55,1,2
BRDA:580,56,0,1
BRDA:580,56,1,5
BRDA:586,57,0,1
BRDA:586,57,1,1
BRDA:593,58,0,5
BRDA:593,58,1,1
BRDA:614,59,0,1
BRF:120
BRH:108
end_of_record
TN:
SF:/var/www/coreUI/coreuiNew/js/src/popover.js
FN:78,(anonymous_0)
FN:82,(anonymous_1)
FN:86,(anonymous_2)
FN:90,(anonymous_3)
FN:94,(anonymous_4)
FN:98,(anonymous_5)
FN:102,(anonymous_6)
FN:108,(anonymous_7)
FN:112,(anonymous_8)
FN:128,(anonymous_9)
FN:134,(anonymous_10)
FN:139,(anonymous_11)
FN:144,(anonymous_12)
FN:145,(anonymous_13)
FN:151,(anonymous_14)
FN:152,(anonymous_15)
FN:175,(anonymous_16)
FNF:17
FNH:17
FNDA:1,(anonymous_0)
FNDA:11,(anonymous_1)
FNDA:9,(anonymous_2)
FNDA:15,(anonymous_3)
FNDA:25,(anonymous_4)
FNDA:1,(anonymous_5)
FNDA:11,(anonymous_6)
FNDA:4,(anonymous_7)
FNDA:4,(anonymous_8)
FNDA:4,(anonymous_9)
FNDA:5,(anonymous_10)
FNDA:1,(anonymous_11)
FNDA:1,(anonymous_12)
FNDA:1,(anonymous_13)
FNDA:6,(anonymous_14)
FNDA:6,(anonymous_15)
FNDA:5,(anonymous_16)
DA:23,1
DA:24,1
DA:25,1
DA:26,1
DA:27,1
DA:28,1
DA:30,1
DA:41,1
DA:46,1
DA:51,1
DA:56,1
DA:79,1
DA:83,11
DA:87,9
DA:91,15
DA:95,25
DA:99,1
DA:103,11
DA:109,4
DA:113,4
DA:116,4
DA:117,4
DA:118,4
DA:119,1
DA:122,4
DA:124,4
DA:125,4
DA:129,4
DA:135,5
DA:140,1
DA:141,1
DA:143,1
DA:144,1
DA:145,1
DA:152,6
DA:153,6
DA:154,6
DA:156,6
DA:157,1
DA:160,5
DA:161,3
DA:162,3
DA:165,5
DA:166,2
DA:167,1
DA:170,1
DA:176,5
DA:180,1
DA:188,1
LF:49
LH:49
BRDA:109,0,0,4
BRDA:109,0,1,1
BRDA:118,1,0,1
BRDA:118,1,1,3
BRDA:135,2,0,5
BRDA:135,2,1,3
BRDA:143,3,0,1
BRDA:143,3,1,0
BRDA:143,4,0,1
BRDA:143,4,1,1
BRDA:154,5,0,1
BRDA:154,5,1,5
BRDA:156,6,0,1
BRDA:156,6,1,5
BRDA:156,7,0,6
BRDA:156,7,1,4
BRDA:160,8,0,3
BRDA:160,8,1,2
BRDA:165,9,0,2
BRDA:165,9,1,3
BRDA:166,10,0,1
BRDA:166,10,1,1
BRDA:188,11,0,1
BRF:23
BRH:22
end_of_record
TN:
SF:/var/www/coreUI/coreuiNew/js/src/scrollspy.js
FN:81,(anonymous_0)
FN:93,(anonymous_1)
FN:103,(anonymous_2)
FN:107,(anonymous_3)
FN:113,(anonymous_4)
FN:134,(anonymous_5)
FN:154,(anonymous_6)
FN:155,(anonymous_7)
FN:156,(anonymous_8)
FN:162,(anonymous_9)
FN:178,(anonymous_10)
FN:199,(anonymous_11)
FN:205,(anonymous_12)
FN:212,(anonymous_13)
FN:218,(anonymous_14)
FN:258,(anonymous_15)
FN:264,(anonymous_16)
FN:280,(anonymous_17)
FN:284,(anonymous_18)
FN:288,(anonymous_19)
FN:290,(anonymous_20)
FN:300,(anonymous_21)
FN:302,(anonymous_22)
FN:303,(anonymous_23)
FN:308,(anonymous_24)
FN:309,(anonymous_25)
FN:327,(anonymous_26)
FN:338,(anonymous_27)
FN:340,(anonymous_28)
FNF:29
FNH:26
FNDA:19,(anonymous_0)
FNDA:18,(anonymous_1)
FNDA:1,(anonymous_2)
FNDA:1,(anonymous_3)
FNDA:19,(anonymous_4)
FNDA:29,(anonymous_5)
FNDA:29,(anonymous_6)
FNDA:18,(anonymous_7)
FNDA:28,(anonymous_8)
FNDA:1,(anonymous_9)
FNDA:19,(anonymous_10)
FNDA:55,(anonymous_11)
FNDA:56,(anonymous_12)
FNDA:37,(anonymous_13)
FNDA:37,(anonymous_14)
FNDA:20,(anonymous_15)
FNDA:60,(anonymous_16)
FNDA:14,(anonymous_17)
FNDA:0,(anonymous_18)
FNDA:0,(anonymous_19)
FNDA:0,(anonymous_20)
FNDA:21,(anonymous_21)
FNDA:69,(anonymous_22)
FNDA:14,(anonymous_23)
FNDA:4,(anonymous_24)
FNDA:4,(anonymous_25)
FNDA:5,(anonymous_26)
FNDA:3,(anonymous_27)
FNDA:1,(anonymous_28)
DA:30,1
DA:31,1
DA:32,1
DA:33,1
DA:34,1
DA:36,1
DA:42,1
DA:48,1
DA:54,1
DA:59,1
DA:69,1
DA:82,19
DA:83,19
DA:84,19
DA:85,19
DA:88,19
DA:89,19
DA:90,19
DA:91,19
DA:93,19
DA:95,19
DA:96,19
DA:98,19
DA:104,1
DA:108,1
DA:114,19
DA:118,19
DA:122,19
DA:126,19
DA:127,19
DA:129,19
DA:131,19
DA:133,19
DA:136,29
DA:138,29
DA:139,28
DA:142,29
DA:143,28
DA:144,28
DA:145,28
DA:152,1
DA:154,29
DA:155,18
DA:157,28
DA:158,28
DA:163,1
DA:164,1
DA:166,1
DA:167,1
DA:168,1
DA:169,1
DA:170,1
DA:171,1
DA:172,1
DA:173,1
DA:179,19
DA:184,19
DA:185,2
DA:186,2
DA:187,1
DA:188,1
DA:191,2
DA:194,19
DA:196,19
DA:200,55
DA:206,56
DA:213,37
DA:219,37
DA:220,37
DA:221,37
DA:225,37
DA:226,0
DA:229,37
DA:230,1
DA:232,1
DA:233,1
DA:236,1
DA:239,36
DA:240,1
DA:241,1
DA:242,1
DA:245,35
DA:246,35
DA:247,72
DA:252,72
DA:253,19
DA:259,20
DA:261,20
DA:263,20
DA:264,60
DA:266,20
DA:268,20
DA:269,0
DA:273,0
DA:276,20
DA:278,20
DA:283,14
DA:284,0
DA:287,14
DA:289,0
DA:290,0
DA:295,20
DA:301,21
DA:302,69
DA:303,14
DA:309,4
DA:310,4
DA:311,4
DA:313,4
DA:314,2
DA:317,4
DA:318,2
DA:319,1
DA:322,1
DA:328,5
DA:338,1
DA:339,3
DA:340,1
DA:343,1
DA:351,1
LF:120
LH:114
BRDA:83,0,0,0
BRDA:83,0,1,19
BRDA:114,1,0,0
BRDA:114,1,1,19
BRDA:118,2,0,17
BRDA:118,2,1,2
BRDA:122,3,0,18
BRDA:122,3,1,1
BRDA:138,4,0,28
BRDA:138,4,1,1
BRDA:142,5,0,28
BRDA:142,5,1,1
BRDA:144,6,0,28
BRDA:144,6,1,0
BRDA:144,7,0,28
BRDA:144,7,1,0
BRDA:181,8,0,14
BRDA:181,8,1,5
BRDA:181,9,0,19
BRDA:181,9,1,14
BRDA:184,10,0,2
BRDA:184,10,1,17
BRDA:186,11,0,1
BRDA:186,11,1,1
BRDA:200,12,0,0
BRDA:200,12,1,55
BRDA:206,13,0,56
BRDA:206,13,1,14
BRDA:213,14,0,0
BRDA:213,14,1,37
BRDA:225,15,0,0
BRDA:225,15,1,37
BRDA:229,16,0,1
BRDA:229,16,1,36
BRDA:232,17,0,1
BRDA:232,17,1,0
BRDA:239,18,0,1
BRDA:239,18,1,35
BRDA:239,19,0,36
BRDA:239,19,1,11
BRDA:239,19,2,1
BRDA:247,20,0,72
BRDA:247,20,1,67
BRDA:247,20,2,33
BRDA:247,20,3,29
BRDA:252,21,0,19
BRDA:252,21,1,53
BRDA:268,22,0,0
BRDA:268,22,1,20
BRDA:311,23,0,4
BRDA:311,23,1,0
BRDA:313,24,0,2
BRDA:313,24,1,2
BRDA:317,25,0,2
BRDA:317,25,1,2
BRDA:318,26,0,1
BRDA:318,26,1,1
BRDA:351,27,0,1
BRF:58
BRH:48
end_of_record
TN:
SF:/var/www/coreUI/coreuiNew/js/src/sidebar.js
FN:79,(anonymous_0)
FN:93,(anonymous_1)
FN:97,(anonymous_2)
FN:103,(anonymous_3)
FN:121,(anonymous_4)
FN:131,(anonymous_5)
FN:146,(anonymous_6)
FN:158,(anonymous_7)
FN:179,(anonymous_8)
FN:187,(anonymous_9)
FN:196,(anonymous_10)
FN:203,(anonymous_11)
FN:222,(anonymous_12)
FN:224,(anonymous_13)
FN:246,(anonymous_14)
FN:253,(anonymous_15)
FN:257,(anonymous_16)
FN:266,(anonymous_17)
FN:270,(anonymous_18)
FN:275,(anonymous_19)
FN:286,(anonymous_20)
FN:293,(anonymous_21)
FN:304,(anonymous_22)
FN:305,(anonymous_23)
FN:315,(anonymous_24)
FN:320,(anonymous_25)
FN:327,(anonymous_26)
FN:344,(anonymous_27)
FN:345,(anonymous_28)
FN:351,(anonymous_29)
FN:356,(anonymous_30)
FN:370,(anonymous_31)
FN:372,(anonymous_32)
FN:390,(anonymous_33)
FNF:34
FNH:20
FNDA:1,(anonymous_0)
FNDA:1,(anonymous_1)
FNDA:1,(anonymous_2)
FNDA:2,(anonymous_3)
FNDA:0,(anonymous_4)
FNDA:0,(anonymous_5)
FNDA:0,(anonymous_6)
FNDA:1,(anonymous_7)
FNDA:0,(anonymous_8)
FNDA:1,(anonymous_9)
FNDA:1,(anonymous_10)
FNDA:4,(anonymous_11)
FNDA:2,(anonymous_12)
FNDA:4,(anonymous_13)
FNDA:2,(anonymous_14)
FNDA:0,(anonymous_15)
FNDA:0,(anonymous_16)
FNDA:0,(anonymous_17)
FNDA:1,(anonymous_18)
FNDA:1,(anonymous_19)
FNDA:2,(anonymous_20)
FNDA:1,(anonymous_21)
FNDA:1,(anonymous_22)
FNDA:0,(anonymous_23)
FNDA:0,(anonymous_24)
FNDA:0,(anonymous_25)
FNDA:1,(anonymous_26)
FNDA:0,(anonymous_27)
FNDA:0,(anonymous_28)
FNDA:2,(anonymous_29)
FNDA:1,(anonymous_30)
FNDA:3,(anonymous_31)
FNDA:0,(anonymous_32)
FNDA:0,(anonymous_33)
DA:26,1
DA:27,1
DA:28,1
DA:29,1
DA:30,1
DA:32,1
DA:36,1
DA:40,1
DA:52,1
DA:63,1
DA:80,1
DA:81,1
DA:82,1
DA:83,1
DA:84,1
DA:85,1
DA:86,1
DA:87,1
DA:88,1
DA:94,1
DA:98,1
DA:104,2
DA:105,2
DA:106,2
DA:107,16
DA:108,8
DA:111,8
DA:112,5
DA:118,2
DA:122,0
DA:123,0
DA:124,0
DA:127,0
DA:130,0
DA:131,0
DA:132,0
DA:133,0
DA:134,0
DA:140,0
DA:143,0
DA:147,0
DA:148,0
DA:149,0
DA:152,0
DA:153,0
DA:154,0
DA:159,1
DA:160,1
DA:161,1
DA:164,1
DA:165,0
DA:168,1
DA:169,0
DA:170,0
DA:172,0
DA:173,0
DA:177,1
DA:179,0
DA:180,0
DA:181,0
DA:188,1
DA:189,0
DA:192,0
DA:197,1
DA:198,1
DA:199,1
DA:205,4
DA:208,4
DA:210,24
DA:211,19
DA:212,3
DA:215,5
DA:219,4
DA:224,2
DA:227,4
DA:228,4
DA:229,4
DA:231,4
DA:232,4
DA:233,0
DA:234,0
DA:236,0
DA:239,4
DA:240,4
DA:243,4
DA:244,2
DA:246,2
DA:247,2
DA:254,0
DA:258,0
DA:259,0
DA:260,0
DA:261,0
DA:262,0
DA:267,0
DA:271,1
DA:272,1
DA:276,1
DA:277,0
DA:278,0
DA:279,1
DA:280,0
DA:282,1
DA:287,2
DA:288,1
DA:289,1
DA:294,1
DA:295,1
DA:296,1
DA:297,1
DA:298,1
DA:299,1
DA:300,1
DA:305,1
DA:306,0
DA:307,0
DA:310,0
DA:311,0
DA:315,1
DA:316,0
DA:317,0
DA:320,1
DA:321,0
DA:328,1
DA:329,1
DA:331,1
DA:332,0
DA:335,1
DA:336,1
DA:337,0
DA:340,1
DA:345,0
DA:346,0
DA:352,2
DA:357,1
DA:370,1
DA:372,3
DA:373,0
DA:377,1
DA:386,1
DA:387,0
DA:388,0
DA:389,0
DA:390,0
DA:391,0
DA:392,0
LF:146
LH:88
BRDA:107,0,0,8
BRDA:107,0,1,8
BRDA:111,1,0,5
BRDA:111,1,1,3
BRDA:111,2,0,8
BRDA:111,2,1,4
BRDA:123,3,0,0
BRDA:123,3,1,0
BRDA:130,4,0,0
BRDA:130,4,1,0
BRDA:132,5,0,0
BRDA:132,5,1,0
BRDA:133,6,0,0
BRDA:133,6,1,0
BRDA:148,7,0,0
BRDA:148,7,1,0
BRDA:152,8,0,0
BRDA:152,8,1,0
BRDA:152,9,0,0
BRDA:152,9,1,0
BRDA:159,10,0,1
BRDA:159,10,1,0
BRDA:160,11,0,1
BRDA:160,11,1,0
BRDA:160,12,0,1
BRDA:160,12,1,1
BRDA:164,13,0,0
BRDA:164,13,1,1
BRDA:168,14,0,0
BRDA:168,14,1,1
BRDA:169,15,0,0
BRDA:169,15,1,0
BRDA:177,16,0,0
BRDA:177,16,1,1
BRDA:177,17,0,1
BRDA:177,17,1,0
BRDA:187,18,0,1
BRDA:188,19,0,0
BRDA:188,19,1,1
BRDA:197,20,0,1
BRDA:197,20,1,0
BRDA:208,21,0,28
BRDA:208,21,1,28
BRDA:210,22,0,19
BRDA:210,22,1,5
BRDA:211,23,0,3
BRDA:211,23,1,16
BRDA:231,24,0,4
BRDA:231,24,1,0
BRDA:231,25,0,4
BRDA:231,25,1,4
BRDA:233,26,0,0
BRDA:233,26,1,0
BRDA:239,27,0,4
BRDA:239,27,1,0
BRDA:243,28,0,2
BRDA:243,28,1,2
BRDA:258,29,0,0
BRDA:258,29,1,0
BRDA:276,30,0,0
BRDA:276,30,1,1
BRDA:276,31,0,1
BRDA:276,31,1,1
BRDA:279,32,0,0
BRDA:279,32,1,1
BRDA:279,33,0,1
BRDA:279,33,1,0
BRDA:287,34,0,1
BRDA:287,34,1,1
BRDA:294,35,0,1
BRDA:294,35,1,0
BRDA:306,36,0,0
BRDA:306,36,1,0
BRDA:310,37,0,0
BRDA:310,37,1,0
BRDA:329,38,0,1
BRDA:329,38,1,0
BRDA:331,39,0,0
BRDA:331,39,1,1
BRDA:335,40,0,1
BRDA:335,40,1,0
BRDA:336,41,0,0
BRDA:336,41,1,1
BRDA:386,42,0,0
BRDA:386,42,1,1
BRF:85
BRH:42
end_of_record
TN:
SF:/var/www/coreUI/coreuiNew/js/src/tab.js
FN:70,(anonymous_0)
FN:78,(anonymous_1)
FN:84,(anonymous_2)
FN:124,(anonymous_3)
FN:140,(anonymous_4)
FN:147,(anonymous_5)
FN:156,(anonymous_6)
FN:173,(anonymous_7)
FN:204,(anonymous_8)
FN:217,(anonymous_9)
FN:218,(anonymous_10)
FN:231,(anonymous_11)
FN:242,(anonymous_12)
FNF:13
FNH:12
FNDA:28,(anonymous_0)
FNDA:1,(anonymous_1)
FNDA:22,(anonymous_2)
FNDA:18,(anonymous_3)
FNDA:1,(anonymous_4)
FNDA:32,(anonymous_5)
FNDA:32,(anonymous_6)
FNDA:32,(anonymous_7)
FNDA:0,(anonymous_8)
FNDA:4,(anonymous_9)
FNDA:4,(anonymous_10)
FNDA:7,(anonymous_11)
FNDA:9,(anonymous_12)
DA:31,1
DA:32,1
DA:33,1
DA:34,1
DA:35,1
DA:37,1
DA:45,1
DA:53,1
DA:71,28
DA:73,28
DA:79,1
DA:85,22
DA:89,2
DA:93,20
DA:94,20
DA:96,20
DA:97,20
DA:98,20
DA:99,20
DA:102,20
DA:104,20
DA:105,8
DA:110,20
DA:114,20
DA:116,2
DA:119,18
DA:124,18
DA:125,18
DA:128,18
DA:133,18
DA:134,14
DA:136,4
DA:141,1
DA:142,1
DA:148,32
DA:152,32
DA:153,32
DA:156,32
DA:162,32
DA:163,3
DA:164,3
DA:166,3
DA:167,3
DA:169,29
DA:174,32
DA:175,14
DA:177,14
DA:179,14
DA:180,1
DA:183,14
DA:184,5
DA:188,32
DA:189,32
DA:190,11
DA:193,32
DA:195,32
DA:196,5
DA:199,32
DA:200,0
DA:202,0
DA:203,0
DA:204,0
DA:207,0
DA:210,32
DA:211,14
DA:218,4
DA:219,4
DA:221,4
DA:222,2
DA:223,1
DA:226,1
DA:232,7
DA:242,1
DA:243,9
DA:245,9
DA:246,9
DA:249,1
DA:258,1
LF:78
LH:73
BRDA:85,0,0,2
BRDA:85,0,1,20
BRDA:85,1,0,22
BRDA:85,1,1,22
BRDA:85,1,2,22
BRDA:85,1,3,21
BRDA:96,2,0,20
BRDA:96,2,1,0
BRDA:97,3,0,15
BRDA:97,3,1,5
BRDA:97,4,0,20
BRDA:97,4,1,6
BRDA:104,5,0,8
BRDA:104,5,1,12
BRDA:114,6,0,2
BRDA:114,6,1,18
BRDA:114,7,0,20
BRDA:114,7,1,19
BRDA:114,7,2,8
BRDA:133,8,0,14
BRDA:133,8,1,4
BRDA:148,9,0,16
BRDA:148,9,1,16
BRDA:148,10,0,32
BRDA:148,10,1,32
BRDA:148,10,2,18
BRDA:153,11,0,32
BRDA:153,11,1,14
BRDA:153,11,2,7
BRDA:162,12,0,3
BRDA:162,12,1,29
BRDA:162,13,0,32
BRDA:162,13,1,14
BRDA:174,14,0,14
BRDA:174,14,1,18
BRDA:179,15,0,1
BRDA:179,15,1,13
BRDA:183,16,0,5
BRDA:183,16,1,9
BRDA:189,17,0,11
BRDA:189,17,1,21
BRDA:195,18,0,5
BRDA:195,18,1,27
BRDA:199,19,0,0
BRDA:199,19,1,32
BRDA:199,20,0,32
BRDA:199,20,1,31
BRDA:202,21,0,0
BRDA:202,21,1,0
BRDA:210,22,0,14
BRDA:210,22,1,18
BRDA:219,23,0,4
BRDA:219,23,1,2
BRDA:221,24,0,2
BRDA:221,24,1,2
BRDA:222,25,0,1
BRDA:222,25,1,1
BRDA:245,26,0,9
BRDA:245,26,1,9
BRDA:258,27,0,1
BRF:60
BRH:56
end_of_record
TN:
SF:/var/www/coreUI/coreuiNew/js/src/toast.js
FN:73,(anonymous_0)
FN:83,(anonymous_1)
FN:87,(anonymous_2)
FN:91,(anonymous_3)
FN:97,(anonymous_4)
FN:108,(anonymous_5)
FN:115,(anonymous_6)
FN:134,(anonymous_7)
FN:145,(anonymous_8)
FN:161,(anonymous_9)
FN:178,(anonymous_10)
FN:194,(anonymous_11)
FN:199,(anonymous_12)
FN:205,(anonymous_13)
FN:206,(anonymous_14)
FN:224,(anonymous_15)
FNF:16
FNH:16
FNDA:16,(anonymous_0)
FNDA:1,(anonymous_1)
FNDA:17,(anonymous_2)
FNDA:1,(anonymous_3)
FNDA:8,(anonymous_4)
FNDA:7,(anonymous_5)
FNDA:4,(anonymous_6)
FNDA:8,(anonymous_7)
FNDA:5,(anonymous_8)
FNDA:2,(anonymous_9)
FNDA:16,(anonymous_10)
FNDA:16,(anonymous_11)
FNDA:1,(anonymous_12)
FNDA:4,(anonymous_13)
FNDA:4,(anonymous_14)
FNDA:9,(anonymous_15)
DA:30,1
DA:31,1
DA:32,1
DA:33,1
DA:35,1
DA:43,1
DA:50,1
DA:56,1
DA:62,1
DA:74,16
DA:75,16
DA:76,16
DA:77,16
DA:78,16
DA:84,1
DA:88,17
DA:92,1
DA:98,8
DA:100,8
DA:101,1
DA:104,7
DA:105,4
DA:108,7
DA:109,7
DA:110,7
DA:112,7
DA:114,7
DA:115,4
DA:116,4
DA:121,7
DA:122,7
DA:123,7
DA:124,7
DA:125,4
DA:127,4
DA:128,4
DA:130,3
DA:135,8
DA:136,1
DA:139,7
DA:141,7
DA:142,2
DA:145,5
DA:146,5
DA:147,5
DA:150,5
DA:151,5
DA:152,3
DA:154,3
DA:155,3
DA:157,2
DA:162,2
DA:163,2
DA:165,2
DA:166,1
DA:169,2
DA:170,2
DA:172,2
DA:173,2
DA:179,16
DA:185,16
DA:191,16
DA:195,16
DA:199,1
DA:206,4
DA:207,4
DA:208,4
DA:210,4
DA:211,2
DA:214,4
DA:215,2
DA:216,1
DA:219,1
DA:225,9
DA:229,1
DA:238,1
LF:76
LH:76
BRDA:100,0,0,1
BRDA:100,0,1,7
BRDA:104,1,0,4
BRDA:104,1,1,3
BRDA:114,2,0,4
BRDA:114,2,1,3
BRDA:124,3,0,4
BRDA:124,3,1,3
BRDA:135,4,0,1
BRDA:135,4,1,7
BRDA:141,5,0,2
BRDA:141,5,1,5
BRDA:151,6,0,3
BRDA:151,6,1,2
BRDA:165,7,0,1
BRDA:165,7,1,1
BRDA:182,8,0,1
BRDA:182,8,1,15
BRDA:182,9,0,16
BRDA:182,9,1,1
BRDA:208,10,0,4
BRDA:208,10,1,0
BRDA:210,11,0,2
BRDA:210,11,1,2
BRDA:214,12,0,2
BRDA:214,12,1,2
BRDA:215,13,0,1
BRDA:215,13,1,1
BRDA:238,14,0,1
BRF:29
BRH:28
end_of_record
TN:
SF:/var/www/coreUI/coreuiNew/js/src/tooltip.js
FN:137,(anonymous_0)
FN:160,(anonymous_1)
FN:164,(anonymous_2)
FN:168,(anonymous_3)
FN:172,(anonymous_4)
FN:176,(anonymous_5)
FN:180,(anonymous_6)
FN:184,(anonymous_7)
FN:190,(anonymous_8)
FN:194,(anonymous_9)
FN:198,(anonymous_10)
FN:202,(anonymous_11)
FN:236,(anonymous_12)
FN:262,(anonymous_13)
FN:315,(anonymous_14)
FN:320,(anonymous_15)
FN:345,(anonymous_16)
FN:347,(anonymous_17)
FN:369,(anonymous_18)
FN:388,(anonymous_19)
FN:396,(anonymous_20)
FN:400,(anonymous_21)
FN:412,(anonymous_22)
FN:419,(anonymous_23)
FN:453,(anonymous_24)
FN:467,(anonymous_25)
FN:482,(anonymous_26)
FN:487,(anonymous_27)
FN:496,(anonymous_28)
FN:500,(anonymous_29)
FN:504,(anonymous_30)
FN:519,(anonymous_31)
FN:531,(anonymous_32)
FN:535,(anonymous_33)
FN:538,(anonymous_34)
FN:543,(anonymous_35)
FN:556,(anonymous_36)
FN:561,(anonymous_37)
FN:566,(anonymous_38)
FN:588,(anonymous_39)
FN:601,(anonymous_40)
FN:634,(anonymous_41)
FN:641,(anonymous_42)
FN:672,(anonymous_43)
FN:679,(anonymous_44)
FN:689,(anonymous_45)
FN:693,(anonymous_46)
FN:737,(anonymous_47)
FN:751,(anonymous_48)
FN:756,(anonymous_49)
FN:757,(anonymous_50)
FN:761,(anonymous_51)
FN:768,(anonymous_52)
FN:784,(anonymous_53)
FN:785,(anonymous_54)
FN:807,(anonymous_55)
FNF:56
FNH:54
FNDA:65,(anonymous_0)
FNDA:1,(anonymous_1)
FNDA:73,(anonymous_2)
FNDA:50,(anonymous_3)
FNDA:101,(anonymous_4)
FNDA:292,(anonymous_5)
FNDA:4,(anonymous_6)
FNDA:57,(anonymous_7)
FNDA:1,(anonymous_8)
FNDA:2,(anonymous_9)
FNDA:1,(anonymous_10)
FNDA:8,(anonymous_11)
FNDA:3,(anonymous_12)
FNDA:31,(anonymous_13)
FNDA:1145,(anonymous_14)
FNDA:28,(anonymous_15)
FNDA:7,(anonymous_16)
FNDA:6,(anonymous_17)
FNDA:246,(anonymous_18)
FNDA:2,(anonymous_19)
FNDA:28,(anonymous_20)
FNDA:203,(anonymous_21)
FNDA:25,(anonymous_22)
FNDA:41,(anonymous_23)
FNDA:63,(anonymous_24)
FNDA:29,(anonymous_25)
FNDA:27,(anonymous_26)
FNDA:0,(anonymous_27)
FNDA:46,(anonymous_28)
FNDA:29,(anonymous_29)
FNDA:2,(anonymous_30)
FNDA:28,(anonymous_31)
FNDA:50,(anonymous_32)
FNDA:65,(anonymous_33)
FNDA:116,(anonymous_34)
FNDA:4,(anonymous_35)
FNDA:5,(anonymous_36)
FNDA:1,(anonymous_37)
FNDA:0,(anonymous_38)
FNDA:64,(anonymous_39)
FNDA:10,(anonymous_40)
FNDA:2,(anonymous_41)
FNDA:4,(anonymous_42)
FNDA:1,(anonymous_43)
FNDA:8,(anonymous_44)
FNDA:65,(anonymous_45)
FNDA:8,(anonymous_46)
FNDA:1,(anonymous_47)
FNDA:27,(anonymous_48)
FNDA:28,(anonymous_49)
FNDA:28,(anonymous_50)
FNDA:22,(anonymous_51)
FNDA:25,(anonymous_52)
FNDA:5,(anonymous_53)
FNDA:5,(anonymous_54)
FNDA:5,(anonymous_55)
DA:40,2
DA:41,2
DA:42,2
DA:43,2
DA:44,2
DA:45,2
DA:46,2
DA:48,2
DA:67,2
DA:75,2
DA:96,2
DA:101,2
DA:114,2
DA:119,2
DA:123,2
DA:138,65
DA:139,0
DA:143,65
DA:144,65
DA:145,65
DA:146,65
DA:147,65
DA:150,65
DA:151,65
DA:152,65
DA:154,65
DA:155,65
DA:161,1
DA:165,73
DA:169,50
DA:173,101
DA:177,292
DA:181,4
DA:185,57
DA:191,1
DA:195,2
DA:199,1
DA:203,8
DA:204,1
DA:207,7
DA:208,4
DA:209,4
DA:211,4
DA:212,1
DA:216,1
DA:219,4
DA:221,4
DA:222,3
DA:224,1
DA:227,3
DA:228,1
DA:229,1
DA:232,2
DA:237,3
DA:239,3
DA:241,3
DA:242,3
DA:244,3
DA:245,1
DA:248,3
DA:249,3
DA:250,3
DA:251,3
DA:252,3
DA:253,1
DA:256,3
DA:257,3
DA:258,3
DA:259,3
DA:263,31
DA:264,1
DA:267,30
DA:268,29
DA:269,29
DA:270,29
DA:274,29
DA:275,1
DA:278,28
DA:279,28
DA:281,28
DA:282,28
DA:284,28
DA:286,28
DA:287,25
DA:290,28
DA:294,28
DA:295,28
DA:297,28
DA:298,28
DA:300,28
DA:301,28
DA:304,28
DA:306,28
DA:308,28
DA:314,28
DA:315,28
DA:316,1145
DA:320,28
DA:321,28
DA:322,25
DA:325,28
DA:326,28
DA:328,28
DA:330,28
DA:331,1
DA:335,28
DA:336,25
DA:337,25
DA:338,25
DA:340,3
DA:346,7
DA:347,7
DA:348,6
DA:349,6
DA:352,6
DA:353,6
DA:354,6
DA:355,6
DA:358,7
DA:359,7
DA:360,1
DA:363,6
DA:367,6
DA:368,6
DA:369,246
DA:372,6
DA:373,6
DA:374,6
DA:376,6
DA:377,5
DA:379,5
DA:380,5
DA:382,1
DA:385,6
DA:389,2
DA:390,1
DA:397,28
DA:401,203
DA:402,164
DA:405,39
DA:406,39
DA:408,39
DA:409,39
DA:413,25
DA:414,25
DA:415,25
DA:416,25
DA:420,41
DA:421,1
DA:424,40
DA:425,4
DA:426,1
DA:430,4
DA:431,3
DA:432,2
DA:433,2
DA:436,1
DA:439,4
DA:442,36
DA:443,2
DA:444,1
DA:447,2
DA:449,34
DA:454,63
DA:456,63
DA:457,6
DA:462,63
DA:468,29
DA:483,27
DA:484,22
DA:487,0
DA:490,29
DA:497,46
DA:501,29
DA:503,29
DA:504,1
DA:505,2
DA:510,2
DA:513,28
DA:516,29
DA:520,28
DA:521,25
DA:524,3
DA:525,2
DA:528,1
DA:532,50
DA:536,65
DA:538,65
DA:539,116
DA:540,13
DA:543,4
DA:545,103
DA:546,102
DA:549,102
DA:553,102
DA:556,5
DA:558,102
DA:561,1
DA:566,65
DA:567,0
DA:568,0
DA:572,65
DA:577,65
DA:578,1
DA:584,64
DA:589,64
DA:591,64
DA:592,64
DA:597,64
DA:602,10
DA:603,10
DA:605,10
DA:606,0
DA:610,0
DA:613,10
DA:614,5
DA:619,10
DA:621,2
DA:622,2
DA:625,8
DA:627,8
DA:629,8
DA:630,6
DA:631,6
DA:634,2
DA:635,2
DA:636,2
DA:642,4
DA:643,4
DA:645,4
DA:646,0
DA:650,0
DA:653,4
DA:654,1
DA:659,4
DA:660,0
DA:663,4
DA:665,4
DA:667,4
DA:668,2
DA:669,2
DA:672,2
DA:673,1
DA:674,0
DA:680,8
DA:681,7
DA:682,3
DA:686,5
DA:690,65
DA:692,65
DA:694,8
DA:695,1
DA:699,65
DA:700,1
DA:703,65
DA:709,65
DA:710,63
DA:716,65
DA:717,1
DA:720,65
DA:721,1
DA:724,65
DA:730,65
DA:731,64
DA:734,65
DA:738,1
DA:740,1
DA:741,1
DA:742,16
DA:743,3
DA:748,1
DA:752,27
DA:753,27
DA:754,27
DA:755,27
DA:756,28
DA:757,28
DA:762,22
DA:763,22
DA:764,22
DA:765,22
DA:769,25
DA:770,25
DA:771,25
DA:772,25
DA:775,0
DA:776,0
DA:777,0
DA:778,0
DA:779,0
DA:785,5
DA:786,5
DA:787,5
DA:789,5
DA:790,1
DA:793,4
DA:794,2
DA:797,4
DA:798,2
DA:799,1
DA:802,1
DA:808,5
DA:812,2
DA:821,2
LF:304
LH:289
BRDA:138,0,0,0
BRDA:138,0,1,65
BRDA:203,1,0,1
BRDA:203,1,1,7
BRDA:207,2,0,4
BRDA:207,2,1,3
BRDA:211,3,0,1
BRDA:211,3,1,3
BRDA:221,4,0,3
BRDA:221,4,1,1
BRDA:227,5,0,1
BRDA:227,5,1,2
BRDA:244,6,0,1
BRDA:244,6,1,2
BRDA:252,7,0,1
BRDA:252,7,1,2
BRDA:263,8,0,1
BRDA:263,8,1,30
BRDA:267,9,0,29
BRDA:267,9,1,1
BRDA:267,10,0,30
BRDA:267,10,1,30
BRDA:270,11,0,29
BRDA:270,11,1,0
BRDA:274,12,0,1
BRDA:274,12,1,28
BRDA:274,13,0,29
BRDA:274,13,1,28
BRDA:286,14,0,25
BRDA:286,14,1,3
BRDA:290,15,0,1
BRDA:290,15,1,27
BRDA:300,16,0,28
BRDA:300,16,1,0
BRDA:314,17,0,28
BRDA:314,17,1,0
BRDA:321,18,0,25
BRDA:321,18,1,3
BRDA:330,19,0,1
BRDA:330,19,1,27
BRDA:335,20,0,25
BRDA:335,20,1,3
BRDA:348,21,0,6
BRDA:348,21,1,0
BRDA:348,22,0,6
BRDA:348,22,1,6
BRDA:359,23,0,1
BRDA:359,23,1,6
BRDA:367,24,0,6
BRDA:367,24,1,0
BRDA:376,25,0,5
BRDA:376,25,1,1
BRDA:389,26,0,1
BRDA:389,26,1,1
BRDA:401,27,0,164
BRDA:401,27,1,39
BRDA:420,28,0,1
BRDA:420,28,1,40
BRDA:424,29,0,4
BRDA:424,29,1,36
BRDA:424,30,0,40
BRDA:424,30,1,4
BRDA:425,31,0,1
BRDA:425,31,1,3
BRDA:430,32,0,3
BRDA:430,32,1,1
BRDA:431,33,0,2
BRDA:431,33,1,1
BRDA:442,34,0,2
BRDA:442,34,1,34
BRDA:443,35,0,1
BRDA:443,35,1,1
BRDA:456,36,0,6
BRDA:456,36,1,57
BRDA:457,37,0,3
BRDA:457,37,1,3
BRDA:483,38,0,22
BRDA:483,38,1,5
BRDA:503,39,0,1
BRDA:503,39,1,28
BRDA:507,40,0,2
BRDA:507,40,1,0
BRDA:520,41,0,25
BRDA:520,41,1,3
BRDA:524,42,0,2
BRDA:524,42,1,1
BRDA:539,43,0,13
BRDA:539,43,1,103
BRDA:545,44,0,102
BRDA:545,44,1,1
BRDA:546,45,0,51
BRDA:546,45,1,51
BRDA:549,46,0,51
BRDA:549,46,1,51
BRDA:567,47,0,0
BRDA:567,47,1,0
BRDA:577,48,0,1
BRDA:577,48,1,64
BRDA:591,49,0,64
BRDA:591,49,1,0
BRDA:591,50,0,64
BRDA:591,50,1,10
BRDA:594,51,0,64
BRDA:594,51,1,10
BRDA:603,52,0,10
BRDA:603,52,1,5
BRDA:605,53,0,0
BRDA:605,53,1,10
BRDA:613,54,0,5
BRDA:613,54,1,5
BRDA:615,55,0,0
BRDA:615,55,1,5
BRDA:619,56,0,2
BRDA:619,56,1,8
BRDA:619,57,0,10
BRDA:619,57,1,9
BRDA:629,58,0,6
BRDA:629,58,1,2
BRDA:629,59,0,8
BRDA:629,59,1,8
BRDA:635,60,0,2
BRDA:635,60,1,0
BRDA:643,61,0,4
BRDA:643,61,1,1
BRDA:645,62,0,0
BRDA:645,62,1,4
BRDA:653,63,0,1
BRDA:653,63,1,3
BRDA:655,64,0,0
BRDA:655,64,1,1
BRDA:659,65,0,0
BRDA:659,65,1,4
BRDA:667,66,0,2
BRDA:667,66,1,2
BRDA:667,67,0,4
BRDA:667,67,1,4
BRDA:673,68,0,0
BRDA:673,68,1,1
BRDA:681,69,0,3
BRDA:681,69,1,4
BRDA:694,70,0,1
BRDA:694,70,1,7
BRDA:699,71,0,1
BRDA:699,71,1,64
BRDA:699,72,0,65
BRDA:699,72,1,27
BRDA:699,72,2,2
BRDA:706,73,0,27
BRDA:706,73,1,38
BRDA:706,74,0,65
BRDA:706,74,1,29
BRDA:709,75,0,63
BRDA:709,75,1,2
BRDA:716,76,0,1
BRDA:716,76,1,64
BRDA:720,77,0,1
BRDA:720,77,1,64
BRDA:730,78,0,64
BRDA:730,78,1,1
BRDA:740,79,0,1
BRDA:740,79,1,0
BRDA:742,80,0,3
BRDA:742,80,1,13
BRDA:754,81,0,27
BRDA:754,81,1,0
BRDA:754,82,0,27
BRDA:754,82,1,27
BRDA:771,83,0,25
BRDA:771,83,1,0
BRDA:787,84,0,5
BRDA:787,84,1,0
BRDA:789,85,0,1
BRDA:789,85,1,4
BRDA:789,86,0,5
BRDA:789,86,1,3
BRDA:793,87,0,2
BRDA:793,87,1,2
BRDA:797,88,0,2
BRDA:797,88,1,2
BRDA:798,89,0,1
BRDA:798,89,1,1
BRDA:821,90,0,2
BRF:182
BRH:161
end_of_record
TN:
SF:/var/www/coreUI/coreuiNew/js/src/dom/data.js
FN:14,(anonymous_0)
FNF:1
FNH:1
FNDA:14,(anonymous_0)
DA:14,14
DA:15,14
DA:16,14
DA:17,14
DA:19,384
DA:20,363
DA:24,363
DA:27,384
DA:30,283
DA:31,131
DA:34,152
DA:35,152
DA:36,151
DA:39,1
DA:42,17
DA:43,1
DA:46,16
DA:47,16
DA:48,15
DA:49,15
DA:55,14
DA:57,384
DA:60,283
DA:63,17
LF:24
LH:24
BRDA:19,0,0,363
BRDA:19,0,1,21
BRDA:30,1,0,131
BRDA:30,1,1,152
BRDA:30,2,0,283
BRDA:30,2,1,281
BRDA:35,3,0,151
BRDA:35,3,1,1
BRDA:42,4,0,1
BRDA:42,4,1,16
BRDA:47,5,0,15
BRDA:47,5,1,1
BRF:12
BRH:12
end_of_record
TN:
SF:/var/www/coreUI/coreuiNew/js/src/dom/event-handler.js
FN:83,getUidEvent
FN:87,getEvent
FN:96,fixEvent
FN:105,bootstrapHandler
FN:106,handler
FN:116,bootstrapDelegationHandler
FN:117,handler
FN:139,findHandler
FN:153,normalizeParams
FN:174,addHandler
FN:209,removeHandler
FN:220,removeNamespacedHandlers
FN:224,(anonymous_12)
FN:264,(anonymous_13)
FN:271,(anonymous_14)
FN:319,(anonymous_15)
FN:333,(anonymous_16)
FNF:17
FNH:16
FNDA:7111,getUidEvent
FNDA:3939,getEvent
FNDA:360,fixEvent
FNDA:3106,bootstrapHandler
FNDA:261,handler
FNDA:66,bootstrapDelegationHandler
FNDA:944,handler
FNDA:3971,findHandler
FNDA:3939,normalizeParams
FNDA:3239,addHandler
FNDA:799,removeHandler
FNDA:23,removeNamespacedHandlers
FNDA:23,(anonymous_12)
FNDA:23,(anonymous_13)
FNDA:120,(anonymous_14)
FNDA:362,(anonymous_15)
FNDA:0,(anonymous_16)
DA:17,14
DA:18,14
DA:19,14
DA:20,14
DA:21,14
DA:22,14
DA:23,14
DA:24,14
DA:28,14
DA:84,7111
DA:88,3939
DA:90,3939
DA:91,3939
DA:93,3939
DA:98,360
DA:99,0
DA:102,360
DA:106,3106
DA:107,261
DA:108,261
DA:109,122
DA:112,261
DA:117,66
DA:118,944
DA:120,944
DA:121,4286
DA:122,289
DA:123,99
DA:125,99
DA:126,0
DA:129,99
DA:135,845
DA:140,3971
DA:142,3971
DA:143,35077
DA:145,35077
DA:146,261
DA:150,3710
DA:154,3939
DA:155,3939
DA:158,3939
DA:159,3939
DA:161,3939
DA:162,180
DA:165,3939
DA:167,3939
DA:168,269
DA:171,3939
DA:175,3239
DA:176,67
DA:179,3172
DA:180,1437
DA:181,1437
DA:184,3172
DA:185,3172
DA:186,3172
DA:187,3172
DA:189,3172
DA:190,0
DA:192,0
DA:195,3172
DA:196,3172
DA:200,3172
DA:201,3172
DA:202,3172
DA:203,3172
DA:204,3172
DA:206,3172
DA:210,799
DA:212,799
DA:213,538
DA:216,261
DA:217,261
DA:221,23
DA:223,23
DA:225,23
DA:226,18
DA:228,18
DA:233,14
DA:235,3112
DA:239,127
DA:243,772
DA:244,5
DA:247,767
DA:248,767
DA:249,767
DA:250,767
DA:252,767
DA:254,662
DA:255,0
DA:258,662
DA:259,662
DA:262,105
DA:263,8
DA:265,23
DA:269,105
DA:270,105
DA:272,120
DA:274,120
DA:275,119
DA:277,119
DA:283,555
DA:284,11
DA:287,544
DA:288,544
DA:289,544
DA:292,544
DA:293,544
DA:294,544
DA:295,544
DA:297,544
DA:298,0
DA:300,0
DA:301,0
DA:302,0
DA:303,0
DA:306,544
DA:307,14
DA:308,14
DA:310,530
DA:317,544
DA:318,263
DA:320,362
DA:322,17
DA:328,544
DA:329,0
DA:331,0
DA:332,0
DA:333,0
DA:338,544
DA:339,544
DA:342,544
DA:343,0
DA:346,544
LF:134
LH:119
BRDA:84,0,0,7111
BRDA:84,0,1,723
BRDA:84,0,2,6388
BRDA:84,0,3,2882
BRDA:91,1,0,3939
BRDA:91,1,1,479
BRDA:98,2,0,0
BRDA:98,2,1,360
BRDA:98,3,0,360
BRDA:98,3,1,0
BRDA:99,4,0,0
BRDA:99,4,1,0
BRDA:108,5,0,122
BRDA:108,5,1,139
BRDA:120,6,0,5131
BRDA:120,6,1,5117
BRDA:122,7,0,99
BRDA:122,7,1,190
BRDA:125,8,0,0
BRDA:125,8,1,99
BRDA:139,9,0,0
BRDA:145,10,0,261
BRDA:145,10,1,34816
BRDA:145,11,0,35077
BRDA:145,11,1,265
BRDA:155,12,0,68
BRDA:155,12,1,3871
BRDA:161,13,0,180
BRDA:161,13,1,3759
BRDA:167,14,0,269
BRDA:167,14,1,3670
BRDA:175,15,0,67
BRDA:175,15,1,3172
BRDA:175,16,0,3239
BRDA:175,16,1,3238
BRDA:179,17,0,1437
BRDA:179,17,1,1735
BRDA:186,18,0,3172
BRDA:186,18,1,864
BRDA:187,19,0,66
BRDA:187,19,1,3106
BRDA:189,20,0,0
BRDA:189,20,1,3172
BRDA:190,21,0,0
BRDA:190,21,1,0
BRDA:196,22,0,66
BRDA:196,22,1,3106
BRDA:200,23,0,66
BRDA:200,23,1,3106
BRDA:212,24,0,538
BRDA:212,24,1,261
BRDA:221,25,0,23
BRDA:221,25,1,0
BRDA:225,26,0,18
BRDA:225,26,1,5
BRDA:243,27,0,5
BRDA:243,27,1,767
BRDA:243,28,0,772
BRDA:243,28,1,771
BRDA:252,29,0,662
BRDA:252,29,1,105
BRDA:254,30,0,0
BRDA:254,30,1,662
BRDA:254,31,0,662
BRDA:254,31,1,662
BRDA:258,32,0,1
BRDA:258,32,1,661
BRDA:262,33,0,8
BRDA:262,33,1,97
BRDA:269,34,0,105
BRDA:269,34,1,9
BRDA:274,35,0,119
BRDA:274,35,1,1
BRDA:274,36,0,120
BRDA:274,36,1,113
BRDA:283,37,0,11
BRDA:283,37,1,544
BRDA:283,38,0,555
BRDA:283,38,1,555
BRDA:297,39,0,0
BRDA:297,39,1,544
BRDA:297,40,0,544
BRDA:297,40,1,523
BRDA:306,41,0,14
BRDA:306,41,1,530
BRDA:317,42,0,263
BRDA:317,42,1,281
BRDA:328,43,0,0
BRDA:328,43,1,544
BRDA:331,44,0,0
BRDA:331,44,1,0
BRDA:338,45,0,544
BRDA:338,45,1,0
BRDA:342,46,0,0
BRDA:342,46,1,544
BRDA:342,47,0,544
BRDA:342,47,1,17
BRF:97
BRH:80
end_of_record
TN:
SF:/var/www/coreUI/coreuiNew/js/src/dom/manipulator.js
FN:8,normalizeData
FN:28,normalizeDataKey
FN:29,(anonymous_2)
FN:50,(anonymous_3)
FNF:4
FNH:4
FNDA:161,normalizeData
FNDA:72,normalizeDataKey
FNDA:3,(anonymous_2)
FNDA:141,(anonymous_3)
DA:9,161
DA:10,1
DA:13,160
DA:14,12
DA:17,148
DA:18,9
DA:21,139
DA:22,2
DA:25,137
DA:29,72
DA:32,9
DA:34,35
DA:38,17
DA:42,221
DA:43,1
DA:46,220
DA:50,220
DA:51,141
DA:54,220
DA:58,20
DA:62,6
DA:64,6
DA:71,41
DA:78,76
DA:79,2
DA:82,74
DA:83,4
DA:85,70
LF:28
LH:28
BRDA:9,0,0,1
BRDA:9,0,1,160
BRDA:13,1,0,12
BRDA:13,1,1,148
BRDA:17,2,0,9
BRDA:17,2,1,139
BRDA:21,3,0,2
BRDA:21,3,1,137
BRDA:21,4,0,139
BRDA:21,4,1,138
BRDA:42,5,0,1
BRDA:42,5,1,220
BRDA:78,6,0,2
BRDA:78,6,1,74
BRDA:82,7,0,4
BRDA:82,7,1,70
BRF:16
BRH:16
end_of_record
TN:
SF:/var/www/coreUI/coreuiNew/js/src/dom/selector-engine.js
FN:35,(anonymous_0)
FNF:1
FNH:1
FNDA:38,(anonymous_0)
DA:17,11
DA:19,11
DA:21,160
DA:25,615
DA:29,369
DA:33,17
DA:35,38
DA:39,21
DA:41,21
DA:43,21
DA:44,118
DA:45,15
DA:48,118
DA:51,21
DA:55,209
DA:59,30
DA:61,30
DA:63,30
DA:64,3
DA:65,2
DA:68,3
DA:71,30
LF:22
LH:22
BRDA:24,0,0,412
BRDA:28,1,0,99
BRDA:43,2,0,139
BRDA:43,2,1,139
BRDA:43,2,2,118
BRDA:44,3,0,15
BRDA:44,3,1,103
BRDA:63,4,0,33
BRDA:63,4,1,31
BRDA:63,4,2,3
BRDA:64,5,0,2
BRDA:64,5,1,1
BRF:12
BRH:12
end_of_record
TN:
SF:/var/www/coreUI/coreuiNew/js/src/util/index.js
FN:13,(anonymous_0)
FN:21,(anonymous_1)
FN:29,(anonymous_2)
FN:41,(anonymous_3)
FN:51,(anonymous_4)
FN:57,(anonymous_5)
FN:83,(anonymous_6)
FN:90,(anonymous_7)
FN:92,(anonymous_8)
FN:96,listener
FN:102,(anonymous_10)
FN:109,(anonymous_11)
FN:111,(anonymous_12)
FN:127,(anonymous_13)
FN:135,(anonymous_14)
FN:152,(anonymous_15)
FN:175,(anonymous_16)
FN:175,(anonymous_17)
FN:177,(anonymous_18)
FN:179,(anonymous_19)
FNF:20
FNH:19
FNDA:1993,(anonymous_0)
FNDA:31,(anonymous_1)
FNDA:332,(anonymous_2)
FNDA:111,(anonymous_3)
FNDA:221,(anonymous_4)
FNDA:117,(anonymous_5)
FNDA:110,(anonymous_6)
FNDA:1397,(anonymous_7)
FNDA:115,(anonymous_8)
FNDA:113,listener
FNDA:113,(anonymous_10)
FNDA:288,(anonymous_11)
FNDA:2001,(anonymous_12)
FNDA:1141,(anonymous_13)
FNDA:22,(anonymous_14)
FNDA:33,(anonymous_15)
FNDA:2774,(anonymous_16)
FNDA:0,(anonymous_17)
FNDA:81,(anonymous_18)
FNDA:31,(anonymous_19)
DA:8,17
DA:9,17
DA:10,17
DA:13,1993
DA:21,17
DA:22,31
DA:23,31
DA:26,31
DA:29,17
DA:30,332
DA:32,332
DA:33,290
DA:35,290
DA:38,332
DA:41,17
DA:42,111
DA:44,111
DA:45,102
DA:48,9
DA:51,17
DA:52,221
DA:54,221
DA:57,17
DA:58,117
DA:59,2
DA:66,115
DA:68,115
DA:69,115
DA:72,115
DA:73,114
DA:77,1
DA:78,1
DA:80,1
DA:83,17
DA:84,110
DA:86,110
DA:87,110
DA:90,1397
DA:92,17
DA:93,115
DA:94,115
DA:95,115
DA:97,113
DA:98,113
DA:101,115
DA:102,115
DA:103,113
DA:104,107
DA:109,17
DA:110,288
DA:112,2001
DA:113,2001
DA:114,2001
DA:118,2001
DA:119,1
DA:127,17
DA:128,1141
DA:129,36
DA:132,1105
DA:135,17
DA:136,22
DA:137,2
DA:140,20
DA:141,19
DA:142,19
DA:144,19
DA:149,1
DA:152,17
DA:153,33
DA:154,0
DA:158,33
DA:159,33
DA:160,33
DA:163,0
DA:164,0
DA:168,0
DA:169,0
DA:172,0
DA:175,2774
DA:177,81
DA:179,17
DA:180,31
DA:182,31
DA:183,1
DA:186,30
LF:85
LH:79
BRDA:32,0,0,290
BRDA:32,0,1,42
BRDA:32,1,0,332
BRDA:32,1,1,43
BRDA:35,2,0,129
BRDA:35,2,1,161
BRDA:35,3,0,290
BRDA:35,3,1,266
BRDA:44,4,0,102
BRDA:44,4,1,9
BRDA:45,5,0,101
BRDA:45,5,1,1
BRDA:54,6,0,69
BRDA:54,6,1,152
BRDA:58,7,0,2
BRDA:58,7,1,115
BRDA:72,8,0,114
BRDA:72,8,1,1
BRDA:72,9,0,115
BRDA:72,9,1,114
BRDA:90,10,0,1397
BRDA:90,10,1,742
BRDA:103,11,0,107
BRDA:103,11,1,6
BRDA:114,12,0,8
BRDA:114,12,1,1993
BRDA:114,13,0,2001
BRDA:114,13,1,1331
BRDA:118,14,0,1
BRDA:118,14,1,2000
BRDA:128,15,0,36
BRDA:128,15,1,1105
BRDA:136,16,0,2
BRDA:136,16,1,20
BRDA:140,17,0,19
BRDA:140,17,1,1
BRDA:140,18,0,20
BRDA:140,18,1,19
BRDA:140,18,2,19
BRDA:144,19,0,19
BRDA:144,19,1,15
BRDA:144,19,2,13
BRDA:153,20,0,0
BRDA:153,20,1,33
BRDA:158,21,0,33
BRDA:158,21,1,0
BRDA:160,22,0,2
BRDA:160,22,1,31
BRDA:163,23,0,0
BRDA:163,23,1,0
BRDA:168,24,0,0
BRDA:168,24,1,0
BRDA:182,25,0,1
BRDA:182,25,1,30
BRDA:182,26,0,31
BRDA:182,26,1,2
BRF:56
BRH:50
end_of_record
TN:
SF:/var/www/coreUI/coreuiNew/js/src/util/sanitizer.js
FN:37,(anonymous_0)
FN:48,(anonymous_1)
FN:94,sanitizeHtml
FN:121,(anonymous_3)
FNF:4
FNH:4
FNDA:270,(anonymous_0)
FNDA:6,(anonymous_1)
FNDA:70,sanitizeHtml
FNDA:270,(anonymous_3)
DA:10,3
DA:21,3
DA:28,3
DA:35,3
DA:37,3
DA:38,270
DA:40,270
DA:41,269
DA:42,1
DA:45,268
DA:48,6
DA:51,1
DA:52,1
DA:53,1
DA:57,0
DA:60,3
DA:95,70
DA:96,1
DA:99,69
DA:100,1
DA:103,68
DA:104,68
DA:105,68
DA:106,68
DA:108,68
DA:109,211
DA:110,211
DA:112,211
DA:113,2
DA:115,2
DA:118,209
DA:119,209
DA:121,209
DA:122,270
DA:123,1
DA:128,68
LF:36
LH:35
BRDA:40,0,0,269
BRDA:40,0,1,1
BRDA:41,1,0,1
BRDA:41,1,1,268
BRDA:42,2,0,1
BRDA:42,2,1,1
BRDA:52,3,0,1
BRDA:52,3,1,0
BRDA:95,4,0,1
BRDA:95,4,1,69
BRDA:99,5,0,1
BRDA:99,5,1,68
BRDA:99,6,0,69
BRDA:99,6,1,1
BRDA:112,7,0,2
BRDA:112,7,1,209
BRDA:119,8,0,209
BRDA:119,8,1,0
BRDA:119,9,0,209
BRDA:119,9,1,0
BRDA:122,10,0,1
BRDA:122,10,1,269
BRF:22
BRH:19
end_of_record
TN:
SF:/var/www/coreUI/coreuiNew/js/src/utilities/classes.js
FN:25,checkBreakpoint
FNF:1
FNH:1
FNDA:3,checkBreakpoint
DA:7,1
DA:15,1
DA:23,1
DA:26,3
LF:4
LH:4
BRF:0
BRH:0
end_of_record
TN:
SF:/var/www/coreUI/coreuiNew/js/src/utilities/deep-objects-merge.js
FN:8,(anonymous_0)
FNF:1
FNH:1
FNDA:3,(anonymous_0)
DA:8,1
DA:10,3
DA:11,6
DA:12,2
DA:17,3
DA:18,3
LF:6
LH:6
BRDA:11,0,0,2
BRDA:11,0,1,4
BRDA:17,1,0,3
BRDA:17,1,1,0
BRF:4
BRH:3
end_of_record
TN:
SF:/var/www/coreUI/coreuiNew/js/src/utilities/get-color.js
FN:9,(anonymous_0)
FNF:1
FNH:1
FNDA:3,(anonymous_0)
DA:9,1
DA:10,3
DA:11,3
DA:12,3
LF:4
LH:4
BRDA:9,0,0,1
BRDA:12,1,0,2
BRDA:12,1,1,1
BRF:3
BRH:3
end_of_record
TN:
SF:/var/www/coreUI/coreuiNew/js/src/utilities/get-css-custom-properties.js
FN:8,(anonymous_0)
FN:33,(anonymous_1)
FNF:2
FNH:2
FNDA:1,(anonymous_0)
FNDA:3,(anonymous_1)
DA:8,3
DA:9,1
DA:10,1
DA:11,1
DA:12,1
DA:13,1
DA:14,1
DA:15,2
DA:17,1
DA:18,1
DA:22,1
DA:23,1
DA:28,1
DA:33,1
DA:34,3
DA:35,3
DA:36,3
DA:37,3
DA:38,2
DA:42,1
LF:20
LH:20
BRDA:15,0,0,1
BRDA:15,0,1,1
BRDA:22,1,0,1
BRDA:22,1,1,0
BRDA:34,2,0,3
BRDA:34,2,1,0
BRDA:37,3,0,2
BRDA:37,3,1,1
BRDA:37,4,0,3
BRDA:37,4,1,3
BRF:10
BRH:8
end_of_record
TN:
SF:/var/www/coreUI/coreuiNew/js/src/utilities/get-style.js
FN:10,(anonymous_0)
FN:11,(anonymous_1)
FN:13,(anonymous_2)
FNF:3
FNH:3
FNDA:4,(anonymous_0)
FNDA:6,(anonymous_1)
FNDA:6,(anonymous_2)
DA:9,2
DA:10,4
DA:11,6
DA:13,2
DA:16,6
DA:17,0
DA:18,0
DA:20,6
DA:23,6
LF:9
LH:7
BRDA:10,0,0,4
BRDA:10,0,1,0
BRDA:13,1,0,1
BRDA:16,2,0,0
BRDA:16,2,1,6
BRDA:16,3,0,6
BRDA:16,3,1,4
BRF:7
BRH:5
end_of_record
TN:
SF:/var/www/coreUI/coreuiNew/js/src/utilities/hex-to-rgb.js
FN:9,(anonymous_0)
FNF:1
FNH:1
FNDA:4,(anonymous_0)
DA:9,1
DA:10,4
DA:11,1
DA:14,3
DA:16,3
DA:17,1
DA:24,2
DA:25,1
DA:26,1
DA:27,1
DA:29,1
DA:30,1
DA:31,1
DA:34,2
LF:14
LH:14
BRDA:10,0,0,1
BRDA:10,0,1,3
BRDA:16,1,0,1
BRDA:16,1,1,2
BRDA:24,2,0,1
BRDA:24,2,1,1
BRF:6
BRH:6
end_of_record
TN:
SF:/var/www/coreUI/coreuiNew/js/src/utilities/hex-to-rgba.js
FN:9,(anonymous_0)
FNF:1
FNH:1
FNDA:6,(anonymous_0)
DA:9,1
DA:10,6
DA:11,1
DA:14,5
DA:16,5
DA:17,1
DA:24,4
DA:25,2
DA:26,2
DA:27,2
DA:29,2
DA:30,2
DA:31,2
DA:34,4
LF:14
LH:14
BRDA:9,0,0,4
BRDA:10,1,0,1
BRDA:10,1,1,5
BRDA:16,2,0,1
BRDA:16,2,1,4
BRDA:24,3,0,2
BRDA:24,3,1,2
BRF:7
BRH:7
end_of_record
TN:
SF:/var/www/coreUI/coreuiNew/js/src/utilities/rgb-to-hex.js
FN:9,(anonymous_0)
FNF:1
FNH:1
FNDA:5,(anonymous_0)
DA:9,1
DA:10,5
DA:11,1
DA:14,4
DA:15,1
DA:18,3
DA:20,3
DA:21,1
DA:24,2
DA:25,2
DA:26,2
DA:28,2
LF:12
LH:12
BRDA:10,0,0,1
BRDA:10,0,1,4
BRDA:14,1,0,1
BRDA:14,1,1,3
BRDA:20,2,0,1
BRDA:20,2,1,2
BRF:6
BRH:6
end_of_record
