TN:
SF:/var/www/coreUI/coreuiNew/js/src/async-load.js
FN:52,(anonymous_0)
FN:69,(anonymous_1)
FN:73,(anonymous_2)
FN:79,(anonymous_3)
FN:87,(anonymous_4)
FN:91,(anonymous_5)
FN:97,(anonymous_6)
FN:109,(anonymous_7)
FN:112,(anonymous_8)
FN:128,(anonymous_9)
FN:141,(anonymous_10)
FN:143,(anonymous_11)
FN:162,(anonymous_12)
FN:166,(anonymous_13)
FN:171,(anonymous_14)
FN:176,(anonymous_15)
FN:181,(anonymous_16)
FN:189,(anonymous_17)
FN:196,(anonymous_18)
FN:200,(anonymous_19)
FN:204,(anonymous_20)
FN:218,(anonymous_21)
FN:219,(anonymous_22)
FN:234,(anonymous_23)
FN:251,(anonymous_24)
FN:252,(anonymous_25)
FN:269,(anonymous_26)
FNF:27
FNH:3
FNDA:0,(anonymous_0)
FNDA:1,(anonymous_1)
FNDA:1,(anonymous_2)
FNDA:1,(anonymous_3)
FNDA:0,(anonymous_4)
FNDA:0,(anonymous_5)
FNDA:0,(anonymous_6)
FNDA:0,(anonymous_7)
FNDA:0,(anonymous_8)
FNDA:0,(anonymous_9)
FNDA:0,(anonymous_10)
FNDA:0,(anonymous_11)
FNDA:0,(anonymous_12)
FNDA:0,(anonymous_13)
FNDA:0,(anonymous_14)
FNDA:0,(anonymous_15)
FNDA:0,(anonymous_16)
FNDA:0,(anonymous_17)
FNDA:0,(anonymous_18)
FNDA:0,(anonymous_19)
FNDA:0,(anonymous_20)
FNDA:0,(anonymous_21)
FNDA:0,(anonymous_22)
FNDA:0,(anonymous_23)
FNDA:0,(anonymous_24)
FNDA:0,(anonymous_25)
FNDA:0,(anonymous_26)
DA:20,1
DA:21,1
DA:22,1
DA:23,1
DA:24,1
DA:26,1
DA:33,1
DA:38,1
DA:45,1
DA:53,0
DA:54,0
DA:55,0
DA:58,0
DA:59,0
DA:61,0
DA:64,0
DA:70,1
DA:74,1
DA:80,1
DA:84,1
DA:88,0
DA:89,0
DA:91,0
DA:92,0
DA:93,0
DA:94,0
DA:95,0
DA:97,0
DA:98,0
DA:99,0
DA:100,0
DA:105,0
DA:106,0
DA:109,0
DA:110,0
DA:111,0
DA:112,0
DA:113,0
DA:118,0
DA:119,0
DA:120,0
DA:126,0
DA:128,0
DA:129,0
DA:130,0
DA:136,0
DA:137,0
DA:138,0
DA:141,0
DA:143,0
DA:145,0
DA:146,0
DA:147,0
DA:148,0
DA:149,0
DA:150,0
DA:153,0
DA:155,0
DA:159,0
DA:163,0
DA:166,0
DA:167,0
DA:171,0
DA:172,0
DA:176,0
DA:177,0
DA:181,0
DA:183,0
DA:184,0
DA:189,0
DA:190,0
DA:193,0
DA:197,0
DA:201,0
DA:205,0
DA:206,0
DA:207,0
DA:208,0
DA:209,0
DA:210,0
DA:212,0
DA:219,0
DA:220,0
DA:221,0
DA:222,0
DA:223,0
DA:226,0
DA:227,0
DA:235,0
DA:236,0
DA:238,0
DA:239,0
DA:242,0
DA:243,0
DA:244,0
DA:247,0
DA:252,0
DA:253,0
DA:265,1
DA:266,0
DA:267,0
DA:268,0
DA:269,0
DA:270,0
DA:271,0
LF:105
LH:14
BRDA:58,0,0,0
BRDA:58,0,1,0
BRDA:91,1,0,0
BRDA:98,2,0,0
BRDA:98,2,1,0
BRDA:98,3,0,0
BRDA:98,3,1,0
BRDA:99,4,0,0
BRDA:99,4,1,0
BRDA:111,5,0,0
BRDA:111,5,1,0
BRDA:129,6,0,0
BRDA:129,6,1,0
BRDA:149,7,0,0
BRDA:149,7,1,0
BRDA:183,8,0,0
BRDA:183,8,1,0
BRDA:205,9,0,0
BRDA:205,9,1,0
BRDA:206,10,0,0
BRDA:206,10,1,0
BRDA:206,11,0,0
BRDA:206,11,1,0
BRDA:207,12,0,0
BRDA:207,12,1,0
BRDA:209,13,0,0
BRDA:209,13,1,0
BRDA:222,14,0,0
BRDA:222,14,1,0
BRDA:226,15,0,0
BRDA:226,15,1,0
BRDA:226,16,0,0
BRDA:226,16,1,0
BRDA:236,17,0,0
BRDA:236,17,1,0
BRDA:238,18,0,0
BRDA:238,18,1,0
BRDA:242,19,0,0
BRDA:242,19,1,0
BRDA:243,20,0,0
BRDA:243,20,1,0
BRDA:265,21,0,0
BRDA:265,21,1,1
BRF:43
BRH:1
end_of_record
TN:
SF:/var/www/coreUI/coreuiNew/js/src/sidebar.js
FN:79,(anonymous_0)
FN:93,(anonymous_1)
FN:97,(anonymous_2)
FN:103,(anonymous_3)
FN:121,(anonymous_4)
FN:131,(anonymous_5)
FN:146,(anonymous_6)
FN:158,(anonymous_7)
FN:179,(anonymous_8)
FN:187,(anonymous_9)
FN:196,(anonymous_10)
FN:203,(anonymous_11)
FN:222,(anonymous_12)
FN:224,(anonymous_13)
FN:250,(anonymous_14)
FN:257,(anonymous_15)
FN:261,(anonymous_16)
FN:270,(anonymous_17)
FN:274,(anonymous_18)
FN:279,(anonymous_19)
FN:290,(anonymous_20)
FN:297,(anonymous_21)
FN:308,(anonymous_22)
FN:309,(anonymous_23)
FN:319,(anonymous_24)
FN:324,(anonymous_25)
FN:331,(anonymous_26)
FN:348,(anonymous_27)
FN:349,(anonymous_28)
FN:355,(anonymous_29)
FN:360,(anonymous_30)
FN:374,(anonymous_31)
FN:376,(anonymous_32)
FN:392,(anonymous_33)
FNF:34
FNH:20
FNDA:1,(anonymous_0)
FNDA:1,(anonymous_1)
FNDA:1,(anonymous_2)
FNDA:2,(anonymous_3)
FNDA:0,(anonymous_4)
FNDA:0,(anonymous_5)
FNDA:0,(anonymous_6)
FNDA:1,(anonymous_7)
FNDA:0,(anonymous_8)
FNDA:1,(anonymous_9)
FNDA:1,(anonymous_10)
FNDA:4,(anonymous_11)
FNDA:2,(anonymous_12)
FNDA:4,(anonymous_13)
FNDA:2,(anonymous_14)
FNDA:0,(anonymous_15)
FNDA:0,(anonymous_16)
FNDA:0,(anonymous_17)
FNDA:1,(anonymous_18)
FNDA:1,(anonymous_19)
FNDA:2,(anonymous_20)
FNDA:1,(anonymous_21)
FNDA:1,(anonymous_22)
FNDA:0,(anonymous_23)
FNDA:0,(anonymous_24)
FNDA:0,(anonymous_25)
FNDA:1,(anonymous_26)
FNDA:0,(anonymous_27)
FNDA:0,(anonymous_28)
FNDA:2,(anonymous_29)
FNDA:1,(anonymous_30)
FNDA:1,(anonymous_31)
FNDA:0,(anonymous_32)
FNDA:0,(anonymous_33)
DA:26,1
DA:27,1
DA:28,1
DA:29,1
DA:30,1
DA:32,1
DA:36,1
DA:40,1
DA:52,1
DA:63,1
DA:80,1
DA:81,1
DA:82,1
DA:83,1
DA:84,1
DA:85,1
DA:86,1
DA:87,1
DA:88,1
DA:94,1
DA:98,1
DA:104,2
DA:105,2
DA:106,2
DA:107,16
DA:108,8
DA:111,8
DA:112,5
DA:118,2
DA:122,0
DA:123,0
DA:124,0
DA:127,0
DA:130,0
DA:131,0
DA:132,0
DA:133,0
DA:134,0
DA:140,0
DA:143,0
DA:147,0
DA:148,0
DA:149,0
DA:152,0
DA:153,0
DA:154,0
DA:159,1
DA:160,1
DA:161,1
DA:164,1
DA:165,0
DA:168,1
DA:169,0
DA:170,0
DA:172,0
DA:173,0
DA:177,1
DA:179,0
DA:180,0
DA:181,0
DA:188,1
DA:189,0
DA:192,0
DA:197,1
DA:198,1
DA:199,1
DA:205,4
DA:208,4
DA:210,24
DA:211,19
DA:212,3
DA:215,5
DA:219,4
DA:224,2
DA:228,4
DA:230,4
DA:232,4
DA:234,4
DA:235,0
DA:236,4
DA:237,0
DA:239,4
DA:243,4
DA:244,0
DA:247,4
DA:248,2
DA:250,2
DA:251,2
DA:258,0
DA:262,0
DA:263,0
DA:264,0
DA:265,0
DA:266,0
DA:271,0
DA:275,1
DA:276,1
DA:280,1
DA:281,0
DA:282,0
DA:283,1
DA:284,0
DA:286,1
DA:291,2
DA:292,1
DA:293,1
DA:298,1
DA:299,1
DA:300,1
DA:301,1
DA:302,1
DA:303,1
DA:304,1
DA:309,1
DA:310,0
DA:311,0
DA:314,0
DA:315,0
DA:319,1
DA:320,0
DA:321,0
DA:324,1
DA:325,0
DA:332,1
DA:333,1
DA:335,1
DA:336,0
DA:339,1
DA:340,1
DA:341,0
DA:344,1
DA:349,0
DA:350,0
DA:356,2
DA:361,1
DA:374,1
DA:376,1
DA:377,0
DA:388,1
DA:389,0
DA:390,0
DA:391,0
DA:392,0
DA:393,0
DA:394,0
LF:145
LH:87
BRDA:107,0,0,8
BRDA:107,0,1,8
BRDA:111,1,0,5
BRDA:111,1,1,3
BRDA:111,2,0,8
BRDA:111,2,1,4
BRDA:123,3,0,0
BRDA:123,3,1,0
BRDA:130,4,0,0
BRDA:130,4,1,0
BRDA:132,5,0,0
BRDA:132,5,1,0
BRDA:133,6,0,0
BRDA:133,6,1,0
BRDA:148,7,0,0
BRDA:148,7,1,0
BRDA:152,8,0,0
BRDA:152,8,1,0
BRDA:152,9,0,0
BRDA:152,9,1,0
BRDA:159,10,0,1
BRDA:159,10,1,0
BRDA:160,11,0,1
BRDA:160,11,1,0
BRDA:160,12,0,1
BRDA:160,12,1,1
BRDA:164,13,0,0
BRDA:164,13,1,1
BRDA:168,14,0,0
BRDA:168,14,1,1
BRDA:169,15,0,0
BRDA:169,15,1,0
BRDA:177,16,0,0
BRDA:177,16,1,1
BRDA:177,17,0,1
BRDA:177,17,1,0
BRDA:187,18,0,1
BRDA:188,19,0,0
BRDA:188,19,1,1
BRDA:197,20,0,1
BRDA:197,20,1,0
BRDA:208,21,0,28
BRDA:208,21,1,28
BRDA:210,22,0,19
BRDA:210,22,1,5
BRDA:211,23,0,3
BRDA:211,23,1,16
BRDA:234,24,0,0
BRDA:234,24,1,4
BRDA:234,25,0,4
BRDA:234,25,1,4
BRDA:236,26,0,0
BRDA:236,26,1,4
BRDA:243,27,0,0
BRDA:243,27,1,4
BRDA:247,28,0,2
BRDA:247,28,1,2
BRDA:262,29,0,0
BRDA:262,29,1,0
BRDA:280,30,0,0
BRDA:280,30,1,1
BRDA:280,31,0,1
BRDA:280,31,1,1
BRDA:283,32,0,0
BRDA:283,32,1,1
BRDA:283,33,0,1
BRDA:283,33,1,0
BRDA:291,34,0,1
BRDA:291,34,1,1
BRDA:298,35,0,1
BRDA:298,35,1,0
BRDA:310,36,0,0
BRDA:310,36,1,0
BRDA:314,37,0,0
BRDA:314,37,1,0
BRDA:333,38,0,1
BRDA:333,38,1,0
BRDA:335,39,0,0
BRDA:335,39,1,1
BRDA:339,40,0,1
BRDA:339,40,1,0
BRDA:340,41,0,0
BRDA:340,41,1,1
BRDA:388,42,0,0
BRDA:388,42,1,1
BRF:85
BRH:43
end_of_record
TN:
SF:/var/www/coreUI/coreuiNew/js/src/dom/data.js
FN:14,(anonymous_0)
FNF:1
FNH:1
FNDA:2,(anonymous_0)
DA:14,2
DA:15,2
DA:16,2
DA:17,2
DA:19,2
DA:20,2
DA:24,2
DA:27,2
DA:30,2
DA:31,0
DA:34,2
DA:35,2
DA:36,2
DA:39,0
DA:42,0
DA:43,0
DA:46,0
DA:47,0
DA:48,0
DA:49,0
DA:55,2
DA:57,2
DA:60,2
DA:63,0
LF:24
LH:15
BRDA:19,0,0,2
BRDA:19,0,1,0
BRDA:30,1,0,0
BRDA:30,1,1,2
BRDA:30,2,0,2
BRDA:30,2,1,2
BRDA:35,3,0,2
BRDA:35,3,1,0
BRDA:42,4,0,0
BRDA:42,4,1,0
BRDA:47,5,0,0
BRDA:47,5,1,0
BRF:12
BRH:5
end_of_record
TN:
SF:/var/www/coreUI/coreuiNew/js/src/dom/event-handler.js
FN:82,getUidEvent
FN:86,getEvent
FN:95,fixEvent
FN:104,bootstrapHandler
FN:105,handler
FN:115,bootstrapDelegationHandler
FN:116,handler
FN:138,findHandler
FN:152,normalizeParams
FN:173,addHandler
FN:206,removeHandler
FN:217,removeNamespacedHandlers
FN:221,(anonymous_12)
FN:261,(anonymous_13)
FN:269,(anonymous_14)
FN:317,(anonymous_15)
FN:331,(anonymous_16)
FNF:17
FNH:9
FNDA:8,getUidEvent
FNDA:4,getEvent
FNDA:1,fixEvent
FNDA:2,bootstrapHandler
FNDA:1,handler
FNDA:2,bootstrapDelegationHandler
FNDA:0,handler
FNDA:4,findHandler
FNDA:4,normalizeParams
FNDA:4,addHandler
FNDA:0,removeHandler
FNDA:0,removeNamespacedHandlers
FNDA:0,(anonymous_12)
FNDA:0,(anonymous_13)
FNDA:0,(anonymous_14)
FNDA:0,(anonymous_15)
FNDA:0,(anonymous_16)
DA:17,2
DA:18,2
DA:19,2
DA:20,2
DA:21,2
DA:22,2
DA:23,2
DA:27,2
DA:83,8
DA:87,4
DA:89,4
DA:90,4
DA:92,4
DA:97,1
DA:98,0
DA:101,1
DA:105,2
DA:106,1
DA:107,1
DA:108,0
DA:111,1
DA:116,2
DA:117,0
DA:119,0
DA:120,0
DA:121,0
DA:122,0
DA:124,0
DA:125,0
DA:128,0
DA:134,0
DA:139,4
DA:141,4
DA:142,1
DA:144,1
DA:145,0
DA:149,4
DA:153,4
DA:154,4
DA:157,4
DA:158,4
DA:160,4
DA:161,0
DA:164,4
DA:166,4
DA:167,1
DA:170,4
DA:174,4
DA:175,0
DA:178,4
DA:179,0
DA:180,0
DA:183,4
DA:184,4
DA:185,4
DA:186,4
DA:188,4
DA:189,0
DA:191,0
DA:194,4
DA:195,4
DA:197,4
DA:198,4
DA:199,4
DA:200,4
DA:201,4
DA:203,4
DA:207,0
DA:209,0
DA:210,0
DA:213,0
DA:214,0
DA:218,0
DA:220,0
DA:222,0
DA:223,0
DA:225,0
DA:230,2
DA:232,4
DA:236,0
DA:240,0
DA:241,0
DA:244,0
DA:245,0
DA:246,0
DA:247,0
DA:249,0
DA:251,0
DA:252,0
DA:255,0
DA:256,0
DA:259,0
DA:260,0
DA:263,0
DA:267,0
DA:268,0
DA:270,0
DA:272,0
DA:273,0
DA:275,0
DA:281,0
DA:282,0
DA:285,0
DA:286,0
DA:287,0
DA:290,0
DA:291,0
DA:292,0
DA:293,0
DA:295,0
DA:296,0
DA:298,0
DA:299,0
DA:300,0
DA:301,0
DA:304,0
DA:305,0
DA:306,0
DA:308,0
DA:315,0
DA:316,0
DA:318,0
DA:320,0
DA:326,0
DA:327,0
DA:329,0
DA:330,0
DA:331,0
DA:336,0
DA:337,0
DA:340,0
DA:341,0
DA:344,0
LF:133
LH:51
BRDA:83,0,0,8
BRDA:83,0,1,3
BRDA:83,0,2,5
BRDA:83,0,3,3
BRDA:90,1,0,4
BRDA:90,1,1,2
BRDA:97,2,0,0
BRDA:97,2,1,1
BRDA:97,3,0,1
BRDA:97,3,1,0
BRDA:98,4,0,0
BRDA:98,4,1,0
BRDA:107,5,0,0
BRDA:107,5,1,1
BRDA:119,6,0,0
BRDA:119,6,1,0
BRDA:121,7,0,0
BRDA:121,7,1,0
BRDA:124,8,0,0
BRDA:124,8,1,0
BRDA:138,9,0,0
BRDA:144,10,0,0
BRDA:144,10,1,1
BRDA:144,11,0,1
BRDA:144,11,1,0
BRDA:154,12,0,2
BRDA:154,12,1,2
BRDA:160,13,0,0
BRDA:160,13,1,4
BRDA:166,14,0,1
BRDA:166,14,1,3
BRDA:174,15,0,0
BRDA:174,15,1,4
BRDA:174,16,0,4
BRDA:174,16,1,4
BRDA:178,17,0,0
BRDA:178,17,1,4
BRDA:185,18,0,4
BRDA:185,18,1,3
BRDA:186,19,0,2
BRDA:186,19,1,2
BRDA:188,20,0,0
BRDA:188,20,1,4
BRDA:189,21,0,0
BRDA:189,21,1,0
BRDA:195,22,0,2
BRDA:195,22,1,2
BRDA:197,23,0,2
BRDA:197,23,1,2
BRDA:209,24,0,0
BRDA:209,24,1,0
BRDA:218,25,0,0
BRDA:218,25,1,0
BRDA:222,26,0,0
BRDA:222,26,1,0
BRDA:240,27,0,0
BRDA:240,27,1,0
BRDA:240,28,0,0
BRDA:240,28,1,0
BRDA:249,29,0,0
BRDA:249,29,1,0
BRDA:251,30,0,0
BRDA:251,30,1,0
BRDA:251,31,0,0
BRDA:251,31,1,0
BRDA:255,32,0,0
BRDA:255,32,1,0
BRDA:259,33,0,0
BRDA:259,33,1,0
BRDA:267,34,0,0
BRDA:267,34,1,0
BRDA:272,35,0,0
BRDA:272,35,1,0
BRDA:272,36,0,0
BRDA:272,36,1,0
BRDA:281,37,0,0
BRDA:281,37,1,0
BRDA:281,38,0,0
BRDA:281,38,1,0
BRDA:295,39,0,0
BRDA:295,39,1,0
BRDA:295,40,0,0
BRDA:295,40,1,0
BRDA:304,41,0,0
BRDA:304,41,1,0
BRDA:315,42,0,0
BRDA:315,42,1,0
BRDA:326,43,0,0
BRDA:326,43,1,0
BRDA:329,44,0,0
BRDA:329,44,1,0
BRDA:336,45,0,0
BRDA:336,45,1,0
BRDA:340,46,0,0
BRDA:340,46,1,0
BRDA:340,47,0,0
BRDA:340,47,1,0
BRF:97
BRH:29
end_of_record
TN:
SF:/var/www/coreUI/coreuiNew/js/src/util/index.js
FN:14,(anonymous_0)
FN:22,(anonymous_1)
FN:31,(anonymous_2)
FN:48,(anonymous_3)
FN:74,(anonymous_4)
FN:81,(anonymous_5)
FN:83,(anonymous_6)
FN:87,listener
FN:93,(anonymous_8)
FN:100,(anonymous_9)
FN:102,(anonymous_10)
FN:118,(anonymous_11)
FN:126,(anonymous_12)
FN:140,(anonymous_13)
FN:164,(anonymous_14)
FN:164,(anonymous_15)
FN:166,(anonymous_16)
FNF:17
FNH:1
FNDA:0,(anonymous_0)
FNDA:0,(anonymous_1)
FNDA:0,(anonymous_2)
FNDA:0,(anonymous_3)
FNDA:0,(anonymous_4)
FNDA:0,(anonymous_5)
FNDA:0,(anonymous_6)
FNDA:0,listener
FNDA:0,(anonymous_8)
FNDA:0,(anonymous_9)
FNDA:0,(anonymous_10)
FNDA:0,(anonymous_11)
FNDA:0,(anonymous_12)
FNDA:0,(anonymous_13)
FNDA:0,(anonymous_14)
FNDA:0,(anonymous_15)
FNDA:1,(anonymous_16)
DA:8,2
DA:9,2
DA:10,2
DA:11,2
DA:14,2
DA:22,2
DA:23,0
DA:25,0
DA:28,0
DA:31,2
DA:32,0
DA:34,0
DA:35,0
DA:37,0
DA:40,0
DA:41,0
DA:44,0
DA:48,2
DA:49,0
DA:50,0
DA:57,0
DA:59,0
DA:60,0
DA:63,0
DA:64,0
DA:68,0
DA:69,0
DA:71,0
DA:74,2
DA:75,0
DA:77,0
DA:78,0
DA:81,2
DA:83,2
DA:84,0
DA:85,0
DA:86,0
DA:88,0
DA:89,0
DA:92,0
DA:93,0
DA:94,0
DA:95,0
DA:100,2
DA:101,0
DA:103,0
DA:104,0
DA:105,0
DA:109,0
DA:110,0
DA:118,2
DA:119,0
DA:120,0
DA:123,0
DA:126,2
DA:127,0
DA:128,0
DA:131,0
DA:132,0
DA:137,0
DA:140,2
DA:141,0
DA:142,0
DA:146,0
DA:147,0
DA:148,0
DA:151,0
DA:152,0
DA:156,0
DA:157,0
DA:160,0
DA:164,2
DA:166,2
LF:73
LH:17
BRDA:34,0,0,0
BRDA:34,0,1,0
BRDA:34,1,0,0
BRDA:34,1,1,0
BRDA:37,2,0,0
BRDA:37,2,1,0
BRDA:37,3,0,0
BRDA:37,3,1,0
BRDA:41,4,0,0
BRDA:41,4,1,0
BRDA:49,5,0,0
BRDA:49,5,1,0
BRDA:63,6,0,0
BRDA:63,6,1,0
BRDA:63,7,0,0
BRDA:63,7,1,0
BRDA:81,8,0,0
BRDA:81,8,1,0
BRDA:94,9,0,0
BRDA:94,9,1,0
BRDA:105,10,0,0
BRDA:105,10,1,0
BRDA:105,11,0,0
BRDA:105,11,1,0
BRDA:109,12,0,0
BRDA:109,12,1,0
BRDA:119,13,0,0
BRDA:119,13,1,0
BRDA:127,14,0,0
BRDA:127,14,1,0
BRDA:131,15,0,0
BRDA:131,15,1,0
BRDA:131,16,0,0
BRDA:131,16,1,0
BRDA:131,16,2,0
BRDA:132,17,0,0
BRDA:132,17,1,0
BRDA:132,17,2,0
BRDA:141,18,0,0
BRDA:141,18,1,0
BRDA:146,19,0,0
BRDA:146,19,1,0
BRDA:148,20,0,0
BRDA:148,20,1,0
BRDA:151,21,0,0
BRDA:151,21,1,0
BRDA:156,22,0,0
BRDA:156,22,1,0
BRF:48
BRH:0
end_of_record
TN:
SF:/var/www/coreUI/coreuiNew/js/src/utilities/classes.js
FN:25,checkBreakpoint
FNF:1
FNH:1
FNDA:3,checkBreakpoint
DA:7,1
DA:15,1
DA:23,1
DA:26,3
LF:4
LH:4
BRF:0
BRH:0
end_of_record
TN:
SF:/var/www/coreUI/coreuiNew/js/src/utilities/deep-objects-merge.js
FN:8,(anonymous_0)
FNF:1
FNH:1
FNDA:3,(anonymous_0)
DA:8,1
DA:10,3
DA:11,6
DA:12,2
DA:17,3
DA:18,3
LF:6
LH:6
BRDA:11,0,0,2
BRDA:11,0,1,4
BRDA:17,1,0,3
BRDA:17,1,1,0
BRF:4
BRH:3
end_of_record
TN:
SF:/var/www/coreUI/coreuiNew/js/src/utilities/get-color.js
FN:9,(anonymous_0)
FNF:1
FNH:1
FNDA:3,(anonymous_0)
DA:9,1
DA:10,3
DA:11,3
DA:12,3
LF:4
LH:4
BRDA:9,0,0,1
BRDA:12,1,0,2
BRDA:12,1,1,1
BRF:3
BRH:3
end_of_record
TN:
SF:/var/www/coreUI/coreuiNew/js/src/utilities/get-css-custom-properties.js
FN:8,(anonymous_0)
FN:33,(anonymous_1)
FNF:2
FNH:2
FNDA:1,(anonymous_0)
FNDA:3,(anonymous_1)
DA:8,3
DA:9,1
DA:10,1
DA:11,1
DA:12,1
DA:13,1
DA:14,1
DA:15,2
DA:17,1
DA:18,1
DA:22,1
DA:23,1
DA:28,1
DA:33,1
DA:34,3
DA:35,3
DA:36,3
DA:37,3
DA:38,2
DA:42,1
LF:20
LH:20
BRDA:15,0,0,1
BRDA:15,0,1,1
BRDA:22,1,0,1
BRDA:22,1,1,0
BRDA:34,2,0,3
BRDA:34,2,1,0
BRDA:37,3,0,2
BRDA:37,3,1,1
BRDA:37,4,0,3
BRDA:37,4,1,3
BRF:10
BRH:8
end_of_record
TN:
SF:/var/www/coreUI/coreuiNew/js/src/utilities/get-style.js
FN:10,(anonymous_0)
FN:11,(anonymous_1)
FN:13,(anonymous_2)
FNF:3
FNH:3
FNDA:4,(anonymous_0)
FNDA:6,(anonymous_1)
FNDA:6,(anonymous_2)
DA:9,2
DA:10,4
DA:11,6
DA:13,2
DA:16,6
DA:17,0
DA:18,0
DA:20,6
DA:23,6
LF:9
LH:7
BRDA:10,0,0,4
BRDA:10,0,1,0
BRDA:13,1,0,1
BRDA:16,2,0,0
BRDA:16,2,1,6
BRDA:16,3,0,6
BRDA:16,3,1,4
BRF:7
BRH:5
end_of_record
TN:
SF:/var/www/coreUI/coreuiNew/js/src/utilities/hex-to-rgb.js
FN:9,(anonymous_0)
FNF:1
FNH:1
FNDA:4,(anonymous_0)
DA:9,1
DA:10,4
DA:11,1
DA:14,3
DA:16,3
DA:17,1
DA:24,2
DA:25,1
DA:26,1
DA:27,1
DA:29,1
DA:30,1
DA:31,1
DA:34,2
LF:14
LH:14
BRDA:10,0,0,1
BRDA:10,0,1,3
BRDA:16,1,0,1
BRDA:16,1,1,2
BRDA:24,2,0,1
BRDA:24,2,1,1
BRF:6
BRH:6
end_of_record
TN:
SF:/var/www/coreUI/coreuiNew/js/src/utilities/hex-to-rgba.js
FN:9,(anonymous_0)
FNF:1
FNH:1
FNDA:6,(anonymous_0)
DA:9,1
DA:10,6
DA:11,1
DA:14,5
DA:16,5
DA:17,1
DA:24,4
DA:25,2
DA:26,2
DA:27,2
DA:29,2
DA:30,2
DA:31,2
DA:34,4
LF:14
LH:14
BRDA:9,0,0,4
BRDA:10,1,0,1
BRDA:10,1,1,5
BRDA:16,2,0,1
BRDA:16,2,1,4
BRDA:24,3,0,2
BRDA:24,3,1,2
BRF:7
BRH:7
end_of_record
TN:
SF:/var/www/coreUI/coreuiNew/js/src/utilities/rgb-to-hex.js
FN:9,(anonymous_0)
FNF:1
FNH:1
FNDA:5,(anonymous_0)
DA:9,1
DA:10,5
DA:11,1
DA:14,4
DA:15,1
DA:18,3
DA:20,3
DA:21,1
DA:24,2
DA:25,2
DA:26,2
DA:28,2
LF:12
LH:12
BRDA:10,0,0,1
BRDA:10,0,1,4
BRDA:14,1,0,1
BRDA:14,1,1,3
BRDA:20,2,0,1
BRDA:20,2,1,2
BRF:6
BRH:6
end_of_record
